"../../../../../../Users/r017429g/Documents/GitHub/Masquerade-MasterBuild/Masquerade_Prototype/Content/AnimStarterPack/UE4_Mannequin/Mesh/UE4_Mannequin_Skeleton.uasset" 0
"../../../../../../Users/r017429g/Documents/GitHub/Masquerade-MasterBuild/Masquerade_Prototype/Content/AnimStarterPack/Aim_Space_Hip.uasset" 1
"../../../../../../Users/r017429g/Documents/GitHub/Masquerade-MasterBuild/Masquerade_Prototype/Content/AnimStarterPack/Aim_Space_Ironsights.uasset" 2
"../../../../../../Users/r017429g/Documents/GitHub/Masquerade-MasterBuild/Masquerade_Prototype/Content/AnimStarterPack/Crouch_to_Stand_Rifle_Hip.uasset" 3
"../../../../../../Users/r017429g/Documents/GitHub/Masquerade-MasterBuild/Masquerade_Prototype/Content/AnimStarterPack/Crouch_to_Stand_Rifle_Ironsights.uasset" 4
"../../../../../../Users/r017429g/Documents/GitHub/Masquerade-MasterBuild/Masquerade_Prototype/Content/AnimStarterPack/Crouch_Walk_Bwd_Rifle_Ironsights.uasset" 5
"../../../../../../Users/r017429g/Documents/GitHub/Masquerade-MasterBuild/Masquerade_Prototype/Content/AnimStarterPack/Crouch_Walk_Lt_Rifle_Ironsights.uasset" 6
"../../../../../../Users/r017429g/Documents/GitHub/Masquerade-MasterBuild/Masquerade_Prototype/Content/AnimStarterPack/Crouch_Walk_Rt_Rifle_Ironsights.uasset" 7
"../../../../../../Users/r017429g/Documents/GitHub/Masquerade-MasterBuild/Masquerade_Prototype/Content/AnimStarterPack/Death_1.uasset" 8
"../../../../../../Users/r017429g/Documents/GitHub/Masquerade-MasterBuild/Masquerade_Prototype/Content/AnimStarterPack/Death_2.uasset" 9
"../../../../../../Users/r017429g/Documents/GitHub/Masquerade-MasterBuild/Masquerade_Prototype/Content/AnimStarterPack/Death_3.uasset" 10
"../../../../../../Users/r017429g/Documents/GitHub/Masquerade-MasterBuild/Masquerade_Prototype/Content/AnimStarterPack/Death_Ironsights_1.uasset" 11
"../../../../../../Users/r017429g/Documents/GitHub/Masquerade-MasterBuild/Masquerade_Prototype/Content/AnimStarterPack/Death_Ironsights_2.uasset" 12
"../../../../../../Users/r017429g/Documents/GitHub/Masquerade-MasterBuild/Masquerade_Prototype/Content/AnimStarterPack/Equip_Rifle_Standing.uasset" 13
"../../../../../../Users/r017429g/Documents/GitHub/Masquerade-MasterBuild/Masquerade_Prototype/Content/AnimStarterPack/Fire_Rifle_Hip.uasset" 14
"../../../../../../Users/r017429g/Documents/GitHub/Masquerade-MasterBuild/Masquerade_Prototype/Content/AnimStarterPack/Fire_Shotgun_Hip.uasset" 15
"../../../../../../Users/r017429g/Documents/GitHub/Masquerade-MasterBuild/Masquerade_Prototype/Content/AnimStarterPack/Fire_Shotgun_Ironsights.uasset" 16
"../../../../../../Users/r017429g/Documents/GitHub/Masquerade-MasterBuild/Masquerade_Prototype/Content/AnimStarterPack/Hit_React_4.uasset" 17
"../../../../../../Users/r017429g/Documents/GitHub/Masquerade-MasterBuild/Masquerade_Prototype/Content/AnimStarterPack/Idle_Pistol.uasset" 18
"../../../../../../Users/r017429g/Documents/GitHub/Masquerade-MasterBuild/Masquerade_Prototype/Content/AnimStarterPack/Idle_Rifle_Ironsights.uasset" 19
"../../../../../../Users/r017429g/Documents/GitHub/Masquerade-MasterBuild/Masquerade_Prototype/Content/AnimStarterPack/Jump_From_Stand_Ironsights.uasset" 20
"../../../../../../Users/r017429g/Documents/GitHub/Masquerade-MasterBuild/Masquerade_Prototype/Content/AnimStarterPack/Prone_Death_1.uasset" 21
"../../../../../../Users/r017429g/Documents/GitHub/Masquerade-MasterBuild/Masquerade_Prototype/Content/AnimStarterPack/Prone_Death_2.uasset" 22
"../../../../../../Users/r017429g/Documents/GitHub/Masquerade-MasterBuild/Masquerade_Prototype/Content/AnimStarterPack/Prone_Fire_1.uasset" 23
"../../../../../../Users/r017429g/Documents/GitHub/Masquerade-MasterBuild/Masquerade_Prototype/Content/AnimStarterPack/Prone_Fire_2.uasset" 24
"../../../../../../Users/r017429g/Documents/GitHub/Masquerade-MasterBuild/Masquerade_Prototype/Content/AnimStarterPack/Prone_Idle.uasset" 25
"../../../../../../Users/r017429g/Documents/GitHub/Masquerade-MasterBuild/Masquerade_Prototype/Content/AnimStarterPack/Prone_Reload_Rifle.uasset" 26
"../../../../../../Users/r017429g/Documents/GitHub/Masquerade-MasterBuild/Masquerade_Prototype/Content/AnimStarterPack/Prone_Reload_Shotgun.uasset" 27
"../../../../../../Users/r017429g/Documents/GitHub/Masquerade-MasterBuild/Masquerade_Prototype/Content/AnimStarterPack/Prone_To_Stand.uasset" 28
"../../../../../../Users/r017429g/Documents/GitHub/Masquerade-MasterBuild/Masquerade_Prototype/Content/AnimStarterPack/Reload_Pistol.uasset" 29
"../../../../../../Users/r017429g/Documents/GitHub/Masquerade-MasterBuild/Masquerade_Prototype/Content/AnimStarterPack/Reload_Rifle_Ironsights.uasset" 30
"../../../../../../Users/r017429g/Documents/GitHub/Masquerade-MasterBuild/Masquerade_Prototype/Content/AnimStarterPack/Reload_Shotgun_Hip.uasset" 31
"../../../../../../Users/r017429g/Documents/GitHub/Masquerade-MasterBuild/Masquerade_Prototype/Content/AnimStarterPack/Reload_Shotgun_Ironsights.uasset" 32
"../../../../../../Users/r017429g/Documents/GitHub/Masquerade-MasterBuild/Masquerade_Prototype/Content/AnimStarterPack/Sprint_Fwd_Rifle.uasset" 33
"../../../../../../Users/r017429g/Documents/GitHub/Masquerade-MasterBuild/Masquerade_Prototype/Content/AnimStarterPack/Stand_to_Crouch_Rifle_Hip.uasset" 34
"../../../../../../Users/r017429g/Documents/GitHub/Masquerade-MasterBuild/Masquerade_Prototype/Content/AnimStarterPack/Stand_to_Crouch_Rifle_Ironsights.uasset" 35
"../../../../../../Users/r017429g/Documents/GitHub/Masquerade-MasterBuild/Masquerade_Prototype/Content/AnimStarterPack/Stand_To_Prone.uasset" 36
"../../../../../../Users/r017429g/Documents/GitHub/Masquerade-MasterBuild/Masquerade_Prototype/Content/AnimStarterPack/Walk_Bwd_Rifle_Ironsights.uasset" 37
"../../../../../../Users/r017429g/Documents/GitHub/Masquerade-MasterBuild/Masquerade_Prototype/Content/AnimStarterPack/Walk_Lt_Rifle_Ironsights.uasset" 38
"../../../../../../Users/r017429g/Documents/GitHub/Masquerade-MasterBuild/Masquerade_Prototype/Content/AnimStarterPack/Walk_Rt_Rifle_Ironsights.uasset" 39
"../../../../../../Users/r017429g/Documents/GitHub/Masquerade-MasterBuild/Masquerade_Prototype/Content/Geometry/Meshes/CubeMaterial.uasset" 40
"../../../../../../Users/r017429g/Documents/GitHub/Masquerade-MasterBuild/Masquerade_Prototype/Content/Geometry/Meshes/1M_Cube_Chamfer.uasset" 41
"../../../../../../Users/r017429g/Documents/GitHub/Masquerade-MasterBuild/Masquerade_Prototype/Content/LightningAlessandra/Mat_Beam.uasset" 42
"../../../../../../Users/r017429g/Documents/GitHub/Masquerade-MasterBuild/Masquerade_Prototype/Content/LightningAlessandra/P_Beam.uasset" 43
"../../../../../../Users/r017429g/Documents/GitHub/Masquerade-MasterBuild/Masquerade_Prototype/Content/LightningAlessandra/P_Beam2.uasset" 44
"../../../../../../Users/r017429g/Documents/GitHub/Masquerade-MasterBuild/Masquerade_Prototype/Content/LightningAlessandra/P_Beam3.uasset" 45
"../../../Engine/Content/Functions/Engine_MaterialFunctions01/Density/ExponentialDensity.uasset" 46
"../../../Engine/Content/Functions/Engine_MaterialFunctions01/Gradient/RadialGradientExponential.uasset" 47
"../../../../../../Users/r017429g/Documents/GitHub/Masquerade-MasterBuild/Masquerade_Prototype/Content/LightningAlessandra/ShinyWhite.uasset" 48
"../../../../../../Users/r017429g/Documents/GitHub/Masquerade-MasterBuild/Masquerade_Prototype/Content/LightningAlessandra/P_Sparks.uasset" 49
"../../../Engine/Content/EngineMeshes/Humanoid.uasset" 50
"../../../../../../Users/r017429g/Documents/GitHub/Masquerade-MasterBuild/Masquerade_Prototype/Content/Mannequin/Character/Mesh/UE4_Mannequin_Skeleton.uasset" 51
"../../../../../../Users/r017429g/Documents/GitHub/Masquerade-MasterBuild/Masquerade_Prototype/Content/Mannequin/Animations/ThirdPersonJump_End.uasset" 52
"../../../../../../Users/r017429g/Documents/GitHub/Masquerade-MasterBuild/Masquerade_Prototype/Content/Mannequin/Animations/ThirdPerson_Jump.uasset" 53
"../../../../../../Users/r017429g/Documents/GitHub/Masquerade-MasterBuild/Masquerade_Prototype/Content/Mannequin/Animations/ThirdPersonJump_Loop.uasset" 54
"../../../../../../Users/r017429g/Documents/GitHub/Masquerade-MasterBuild/Masquerade_Prototype/Content/Mannequin/Animations/ThirdPersonJump_Start.uasset" 55
"../../../../../../Users/r017429g/Documents/GitHub/Masquerade-MasterBuild/Masquerade_Prototype/Content/Mannequin/Animations/ThirdPersonIdle.uasset" 56
"../../../../../../Users/r017429g/Documents/GitHub/Masquerade-MasterBuild/Masquerade_Prototype/Content/Mannequin/Animations/ThirdPersonRun.uasset" 57
"../../../../../../Users/r017429g/Documents/GitHub/Masquerade-MasterBuild/Masquerade_Prototype/Content/Mannequin/Animations/ThirdPersonWalk.uasset" 58
"../../../../../../Users/r017429g/Documents/GitHub/Masquerade-MasterBuild/Masquerade_Prototype/Content/Mannequin/Animations/ThirdPerson_IdleRun_2D.uasset" 59
"../../../Engine/Content/EditorBlueprintResources/StandardMacros.uasset" 60
"../../../../../../Users/r017429g/Documents/GitHub/Masquerade-MasterBuild/Masquerade_Prototype/Content/Masquerade_Proto/Sound/Step2_Left1_.uasset" 61
"../../../../../../Users/r017429g/Documents/GitHub/Masquerade-MasterBuild/Masquerade_Prototype/Content/Masquerade_Proto/Sound/LeftFootstep_FP.uasset" 62
"../../../../../../Users/r017429g/Documents/GitHub/Masquerade-MasterBuild/Masquerade_Prototype/Content/Masquerade_Proto/Sound/Step1_Right1_.uasset" 63
"../../../../../../Users/r017429g/Documents/GitHub/Masquerade-MasterBuild/Masquerade_Prototype/Content/Masquerade_Proto/Sound/RightFootstep_FP.uasset" 64
"../../../../../../Users/r017429g/Documents/GitHub/Masquerade-MasterBuild/Masquerade_Prototype/Content/Mannequin/Animations/ThirdPerson_AnimBP.uasset" 65
"../../../Engine/Content/Functions/Engine_MaterialFunctions02/Utility/BlendAngleCorrectedNormals.uasset" 66
"../../../Engine/Content/Functions/MaterialLayerFunctions/MatLayerBlend_NormalBlend.uasset" 67
"../../../Engine/Content/Functions/MaterialLayerFunctions/MatLayerBlend_Simple.uasset" 68
"../../../../../../Users/r017429g/Documents/GitHub/Masquerade-MasterBuild/Masquerade_Prototype/Content/Mannequin/Character/Materials/MaterialLayers/T_ML_Rubber_Blue_01_D.uasset" 69
"../../../../../../Users/r017429g/Documents/GitHub/Masquerade-MasterBuild/Masquerade_Prototype/Content/Mannequin/Character/Materials/MaterialLayers/T_ML_Rubber_Blue_01_N.uasset" 70
"../../../../../../Users/r017429g/Documents/GitHub/Masquerade-MasterBuild/Masquerade_Prototype/Content/Mannequin/Character/Materials/MaterialLayers/ML_GlossyBlack_Latex_UE4.uasset" 71
"../../../../../../Users/r017429g/Documents/GitHub/Masquerade-MasterBuild/Masquerade_Prototype/Content/Mannequin/Character/Materials/MaterialLayers/ML_Plastic_Shiny_Beige.uasset" 72
"../../../../../../Users/r017429g/Documents/GitHub/Masquerade-MasterBuild/Masquerade_Prototype/Content/Mannequin/Character/Textures/UE4_LOGO_CARD.uasset" 73
"../../../../../../Users/r017429g/Documents/GitHub/Masquerade-MasterBuild/Masquerade_Prototype/Content/Mannequin/Character/Materials/MaterialLayers/ML_Plastic_Shiny_Beige_LOGO.uasset" 74
"../../../../../../Users/r017429g/Documents/GitHub/Masquerade-MasterBuild/Masquerade_Prototype/Content/Mannequin/Character/Materials/MaterialLayers/T_ML_Aluminum01.uasset" 75
"../../../../../../Users/r017429g/Documents/GitHub/Masquerade-MasterBuild/Masquerade_Prototype/Content/Mannequin/Character/Materials/MaterialLayers/T_ML_Aluminum01_N.uasset" 76
"../../../../../../Users/r017429g/Documents/GitHub/Masquerade-MasterBuild/Masquerade_Prototype/Content/Mannequin/Character/Materials/MaterialLayers/ML_SoftMetal_UE4.uasset" 77
"../../../../../../Users/r017429g/Documents/GitHub/Masquerade-MasterBuild/Masquerade_Prototype/Content/Mannequin/Character/Textures/UE4_Mannequin__normals.uasset" 78
"../../../../../../Users/r017429g/Documents/GitHub/Masquerade-MasterBuild/Masquerade_Prototype/Content/Mannequin/Character/Textures/UE4_Mannequin_MAT_MASKA.uasset" 79
"../../../../../../Users/r017429g/Documents/GitHub/Masquerade-MasterBuild/Masquerade_Prototype/Content/Mannequin/Character/Materials/M_UE4Man_Body.uasset" 80
"../../../../../../Users/r017429g/Documents/GitHub/Masquerade-MasterBuild/Masquerade_Prototype/Content/Mannequin/Character/Textures/UE4Man_Logo_N.uasset" 81
"../../../../../../Users/r017429g/Documents/GitHub/Masquerade-MasterBuild/Masquerade_Prototype/Content/Mannequin/Character/Materials/M_UE4Man_ChestLogo.uasset" 82
"../../../../../../Users/r017429g/Documents/GitHub/Masquerade-MasterBuild/Masquerade_Prototype/Content/Mannequin/Character/Mesh/SK_Mannequin_PhysicsAsset.uasset" 83
"../../../../../../Users/r017429g/Documents/GitHub/Masquerade-MasterBuild/Masquerade_Prototype/Content/Mannequin/Character/Mesh/SK_Mannequin.uasset" 84
"../../../../../../Users/r017429g/Documents/GitHub/Masquerade-MasterBuild/Masquerade_Prototype/Content/ThirdPersonBP/Blueprints/ThirdPersonCharacter.uasset" 85
"../../../../../../Users/r017429g/Documents/GitHub/Masquerade-MasterBuild/Masquerade_Prototype/Content/Masquerade_Proto/AI_Proto/AI_Blackboard.uasset" 86
"../../../../../../Users/r017429g/Documents/GitHub/Masquerade-MasterBuild/Masquerade_Prototype/Content/Mannequin/Animations/AIThirdPersonRun.uasset" 87
"../../../../../../Users/r017429g/Documents/GitHub/Masquerade-MasterBuild/Masquerade_Prototype/Content/Mannequin/Animations/AIThirdPerson_IdleRun_2D.uasset" 88
"../../../../../../Users/r017429g/Documents/GitHub/Masquerade-MasterBuild/Masquerade_Prototype/Content/Mannequin/Animations/AIThirdPerson_AnimBP.uasset" 89
"../../../../../../Users/r017429g/Documents/GitHub/Masquerade-MasterBuild/Masquerade_Prototype/Content/Masquerade_Proto/Animations/Base_Anim/Evil_attack_animation.uasset" 90
"../../../../../../Users/r017429g/Documents/GitHub/Masquerade-MasterBuild/Masquerade_Prototype/Content/Masquerade_Proto/Animations/Base_Anim/Stab_Attack.uasset" 91
"../../../../../../Users/r017429g/Documents/GitHub/Masquerade-MasterBuild/Masquerade_Prototype/Content/Masquerade_Proto/Animations/Base_Anim/Grapple_Animation.uasset" 92
"../../../../../../Users/r017429g/Documents/GitHub/Masquerade-MasterBuild/Masquerade_Prototype/Content/Interfaces/Interact_Interface.uasset" 93
"../../../../../../Users/r017429g/Documents/GitHub/Masquerade-MasterBuild/Masquerade_Prototype/Content/Masquerade_Proto/BluePrints/Custon_Camera_shake.uasset" 94
"../../../../../../Users/r017429g/Documents/GitHub/Masquerade-MasterBuild/Masquerade_Prototype/Content/Masquerade_Proto/Controllers/InputInterface.uasset" 95
"../../../../../../Users/r017429g/Documents/GitHub/Masquerade-MasterBuild/Masquerade_Prototype/Content/Masquerade_Proto/UI/AlexR/crosshair_white.uasset" 96
"../../../../../../Users/r017429g/Documents/GitHub/Masquerade-MasterBuild/Masquerade_Prototype/Content/Widgets/In-game_UI.uasset" 97
"../../../Engine/Content/BasicShapes/BasicShapeMaterial.uasset" 98
"../../../../../../Users/r017429g/Documents/GitHub/Masquerade-MasterBuild/Masquerade_Prototype/Content/StarterContent/Textures/T_MacroVariation.uasset" 99
"../../../../../../Users/r017429g/Documents/GitHub/Masquerade-MasterBuild/Masquerade_Prototype/Content/StarterContent/Textures/T_Wood_Walnut_D.uasset" 100
"../../../../../../Users/r017429g/Documents/GitHub/Masquerade-MasterBuild/Masquerade_Prototype/Content/StarterContent/Textures/T_Wood_Walnut_N.uasset" 101
"../../../../../../Users/r017429g/Documents/GitHub/Masquerade-MasterBuild/Masquerade_Prototype/Content/StarterContent/Materials/M_Wood_Walnut.uasset" 102
"../../../Engine/Content/Functions/Engine_MaterialFunctions01/Opacity/CameraDepthFade.uasset" 103
"../../../Engine/Content/EngineMaterials/T_Default_Material_Grid_M.uasset" 104
"../../../Engine/Content/EngineMaterials/T_Default_Material_Grid_N.uasset" 105
"../../../Engine/Content/EngineMaterials/DefaultMaterial.uasset" 106
"../../../Engine/Content/BasicShapes/Cylinder.uasset" 107
"../../../../../../Users/r017429g/Documents/GitHub/Masquerade-MasterBuild/Masquerade_Prototype/Content/Masquerade_Proto/PlayerChar/ProtoCharTFP.uasset" 108
"../../../Engine/Content/BasicShapes/Sphere.uasset" 109
"../../../../../../Users/r017429g/Documents/GitHub/Masquerade-MasterBuild/Masquerade_Prototype/Content/Masquerade_Proto/AI_Proto/Net_Projectile.uasset" 110
"../../../../../../Users/r017429g/Documents/GitHub/Masquerade-MasterBuild/Masquerade_Prototype/Content/Masquerade_Proto/AI_Proto/Robot_AI.uasset" 111
"../../../../../../Users/r017429g/Documents/GitHub/Masquerade-MasterBuild/Masquerade_Prototype/Content/Masquerade_Proto/GameManagement/AlertStates.uasset" 112
"../../../../../../Users/r017429g/Documents/GitHub/Masquerade-MasterBuild/Masquerade_Prototype/Content/Masquerade_Proto/GameManagement/GM+GS_Interface.uasset" 113
"../../../../../../Users/r017429g/Documents/GitHub/Masquerade-MasterBuild/Masquerade_Prototype/Content/Masquerade_Proto/AI_Proto/AI_Tasks/ChangeLightGreen.uasset" 114
"../../../../../../Users/r017429g/Documents/GitHub/Masquerade-MasterBuild/Masquerade_Prototype/Content/Masquerade_Proto/AI_Proto/AI_Tasks/ChangeLightRed.uasset" 115
"../../../../../../Users/r017429g/Documents/GitHub/Masquerade-MasterBuild/Masquerade_Prototype/Content/Masquerade_Proto/AI_Proto/AI_Tasks/ChangeLightYellow.uasset" 116
"../../../../../../Users/r017429g/Documents/GitHub/Masquerade-MasterBuild/Masquerade_Prototype/Content/Masquerade_Proto/AI_Proto/AI_Tasks/CheckDistanceToPlayerMelee.uasset" 117
"../../../../../../Users/r017429g/Documents/GitHub/Masquerade-MasterBuild/Masquerade_Prototype/Content/Masquerade_Proto/AI_Proto/AI_Tasks/ClearFocus.uasset" 118
"../../../../../../Users/r017429g/Documents/GitHub/Masquerade-MasterBuild/Masquerade_Prototype/Content/Masquerade_Proto/AI_Proto/AI_Tasks/GetPlayerLoc.uasset" 119
"../../../../../../Users/r017429g/Documents/GitHub/Masquerade-MasterBuild/Masquerade_Prototype/Content/Masquerade_Proto/AI_Proto/AI_Tasks/GetRoamLoc.uasset" 120
"../../../../../../Users/r017429g/Documents/GitHub/Masquerade-MasterBuild/Masquerade_Prototype/Content/Masquerade_Proto/AI_Proto/AI_Tasks/MoveToFast.uasset" 121
"../../../../../../Users/r017429g/Documents/GitHub/Masquerade-MasterBuild/Masquerade_Prototype/Content/Masquerade_Proto/AI_Proto/AI_Tasks/SetFocus.uasset" 122
"../../../../../../Users/r017429g/Documents/GitHub/Masquerade-MasterBuild/Masquerade_Prototype/Content/Masquerade_Proto/AI_Proto/StopInvestigating.uasset" 123
"../../../../../../Users/r017429g/Documents/GitHub/Masquerade-MasterBuild/Masquerade_Prototype/Content/Masquerade_Proto/AI_Proto/AI_BehaviourTree.uasset" 124
"../../../../../../Users/r017429g/Documents/GitHub/Masquerade-MasterBuild/Masquerade_Prototype/Content/Masquerade_Proto/AI_Proto/AI_Controller_Proto.uasset" 125
"../../../../../../Users/r017429g/Documents/GitHub/Masquerade-MasterBuild/Masquerade_Prototype/Content/Masquerade_Proto/AI_Proto/AI_Tasks/AttackPlayerProjectile.uasset" 126
"../../../../../../Users/r017429g/Documents/GitHub/Masquerade-MasterBuild/Masquerade_Prototype/Content/Masquerade_Proto/AI_Proto/AI_Tasks/Attack_Melee.uasset" 127
"../../../../../../Users/r017429g/Documents/GitHub/Masquerade-MasterBuild/Masquerade_Prototype/Content/Masquerade_Proto/AI_Proto/AI_Tasks/CheckDistanceToPlayerProjectile.uasset" 128
"../../../../../../Users/r017429g/Documents/GitHub/Masquerade-MasterBuild/Masquerade_Prototype/Content/Masquerade_Proto/AI_Proto/AI_Tasks/GoToLastLoc.uasset" 129
"../../../../../../Users/r017429g/Documents/GitHub/Masquerade-MasterBuild/Masquerade_Prototype/Content/Masquerade_Proto/AI_Proto/AI_Tasks/ReactToDamage.uasset" 130
"../../../../../../Users/r017429g/Documents/GitHub/Masquerade-MasterBuild/Masquerade_Prototype/Content/Masquerade_Proto/Animations/Base_Anim/Hero_attack_animation.uasset" 131
"../../../../../../Users/r017429g/Documents/GitHub/Masquerade-MasterBuild/Masquerade_Prototype/Content/Masquerade_Proto/Animations/Montages/Grapple_Animation_Montage.uasset" 132
"../../../../../../Users/r017429g/Documents/GitHub/Masquerade-MasterBuild/Masquerade_Prototype/Content/Masquerade_Proto/Animations/Montages/Stab_Attack_Montage.uasset" 133
"../../../../../../Users/r017429g/Documents/GitHub/Masquerade-MasterBuild/Masquerade_Prototype/Content/StarterContent/Textures/T_Perlin_Noise_M.uasset" 134
"../../../../../../Users/r017429g/Documents/GitHub/Masquerade-MasterBuild/Masquerade_Prototype/Content/StarterContent/Textures/T_Water_M.uasset" 135
"../../../../../../Users/r017429g/Documents/GitHub/Masquerade-MasterBuild/Masquerade_Prototype/Content/StarterContent/Textures/T_Water_N.uasset" 136
"../../../../../../Users/r017429g/Documents/GitHub/Masquerade-MasterBuild/Masquerade_Prototype/Content/StarterContent/Materials/M_Water_Ocean.uasset" 137
"../../../../../../Users/r017429g/Documents/GitHub/Masquerade-MasterBuild/Masquerade_Prototype/Content/Geometry/Meshes/1M_Cube.uasset" 138
"../../../../../../Users/r017429g/Documents/GitHub/Masquerade-MasterBuild/Masquerade_Prototype/Content/Masquerade_Proto/BluePrints/Water.uasset" 139
"../../../../../../Users/r017429g/Documents/GitHub/Masquerade-MasterBuild/Masquerade_Prototype/Content/Masquerade_Proto/Controllers/Masq_PlayerStates.uasset" 140
"../../../../../../Users/r017429g/Documents/GitHub/Masquerade-MasterBuild/Masquerade_Prototype/Content/Masquerade_Proto/Controllers/Masq_PlayerController.uasset" 141
"../../../../../../Users/r017429g/Documents/GitHub/Masquerade-MasterBuild/Masquerade_Prototype/Content/Masquerade_Proto/GameManagement/Masq_GameState.uasset" 142
"../../../../../../Users/r017429g/Documents/GitHub/Masquerade-MasterBuild/Masquerade_Prototype/Content/ThirdPersonBP/Blueprints/ThirdPersonGameMode.uasset" 143
"../../../../../../Users/r017429g/Documents/GitHub/Masquerade-MasterBuild/Masquerade_Prototype/Content/Masquerade_Proto/GameManagement/GameModes/Masq_BaseGameMode.uasset" 144
"../../../../../../Users/r017429g/Documents/GitHub/Masquerade-MasterBuild/Masquerade_Prototype/Content/Masquerade_Proto/GameManagement/GameInstance/Masq_GameInstance.uasset" 145
"../../../../../../Users/r017429g/Documents/GitHub/Masquerade-MasterBuild/Masquerade_Prototype/Content/Masquerade_Proto/GameManagement/GameModes/Masq_HomeGM.uasset" 146
"../../../../../../Users/r017429g/Documents/GitHub/Masquerade-MasterBuild/Masquerade_Prototype/Content/Masquerade_Proto/GameManagement/GameModes/Masq_Mission1GM.uasset" 147
"../../../../../../Users/r017429g/Documents/GitHub/Masquerade-MasterBuild/Masquerade_Prototype/Content/Masquerade_Proto/GameManagement/GameModes/Masq_TutGM.uasset" 148
"../../../../../../Users/r017429g/Documents/GitHub/Masquerade-MasterBuild/Masquerade_Prototype/Content/Masquerade_Proto/Maps/MapTest01_BuiltData.uasset" 149
"../../../../../../Users/r017429g/Documents/GitHub/Masquerade-MasterBuild/Masquerade_Prototype/Content/Masquerade_Proto/Sound/Step10_Left5_.uasset" 150
"../../../../../../Users/r017429g/Documents/GitHub/Masquerade-MasterBuild/Masquerade_Prototype/Content/Masquerade_Proto/Sound/Step3_Right2_.uasset" 151
"../../../../../../Users/r017429g/Documents/GitHub/Masquerade-MasterBuild/Masquerade_Prototype/Content/Masquerade_Proto/Sound/Step4_Left2_.uasset" 152
"../../../../../../Users/r017429g/Documents/GitHub/Masquerade-MasterBuild/Masquerade_Prototype/Content/Masquerade_Proto/Sound/Step5_Right3_.uasset" 153
"../../../../../../Users/r017429g/Documents/GitHub/Masquerade-MasterBuild/Masquerade_Prototype/Content/Masquerade_Proto/Sound/Step6_Left3_.uasset" 154
"../../../../../../Users/r017429g/Documents/GitHub/Masquerade-MasterBuild/Masquerade_Prototype/Content/Masquerade_Proto/Sound/Step7_Right4_.uasset" 155
"../../../../../../Users/r017429g/Documents/GitHub/Masquerade-MasterBuild/Masquerade_Prototype/Content/Masquerade_Proto/Sound/Step8_Left4_.uasset" 156
"../../../../../../Users/r017429g/Documents/GitHub/Masquerade-MasterBuild/Masquerade_Prototype/Content/Masquerade_Proto/Sound/Step9_Right5_.uasset" 157
"../../../../../../Users/r017429g/Documents/GitHub/Masquerade-MasterBuild/Masquerade_Prototype/Content/Masquerade_Proto/TempSection3/Generator.uasset" 158
"../../../../../../Users/r017429g/Documents/GitHub/Masquerade-MasterBuild/Masquerade_Prototype/Content/Masquerade_Proto/TempSection3/Water.uasset" 159
"../../../Engine/Content/EngineMaterials/WorldGridMaterial.uasset" 160
"../../../Engine/Content/BasicShapes/Cube.uasset" 161
"../../../../../../Users/r017429g/Documents/GitHub/Masquerade-MasterBuild/Masquerade_Prototype/Content/Masquerade_Proto/TempTutorial/BreakableWall.uasset" 162
"../../../../../../Users/r017429g/Documents/GitHub/Masquerade-MasterBuild/Masquerade_Prototype/Content/Masquerade_Proto/TempTutorial/DarkGrey.uasset" 163
"../../../../../../Users/r017429g/Documents/GitHub/Masquerade-MasterBuild/Masquerade_Prototype/Content/Masquerade_Proto/TempTutorial/HUB.uasset" 164
"../../../../../../Users/r017429g/Documents/GitHub/Masquerade-MasterBuild/Masquerade_Prototype/Content/Masquerade_Proto/TempTutorial/Wood.uasset" 165
"../../../../../../Users/r017429g/Documents/GitHub/Masquerade-MasterBuild/Masquerade_Prototype/Content/Masquerade_Proto/UI/AlexR/crosshair.uasset" 166
"../../../../../../Users/r017429g/Documents/GitHub/Masquerade-MasterBuild/Masquerade_Prototype/Content/Masquerade_Proto/UI/AlexR/crosshair_black.uasset" 167
"../../../../../../Users/r017429g/Documents/GitHub/Masquerade-MasterBuild/Masquerade_Prototype/Content/Masquerade_Proto/UI/menu/Menu_BG.uasset" 168
"../../../../../../Users/r017429g/Documents/GitHub/Masquerade-MasterBuild/Masquerade_Prototype/Content/Masquerade_Proto/UI/menu/Top_menu.uasset" 169
"../../../../../../Users/r017429g/Documents/GitHub/Masquerade-MasterBuild/Masquerade_Prototype/Content/Masquerade_Proto/UI/menu/Transparent.uasset" 170
"../../../../../../Users/r017429g/Documents/GitHub/Masquerade-MasterBuild/Masquerade_Prototype/Content/Masquerade_Proto/UI/menu/Hover/back.uasset" 171
"../../../../../../Users/r017429g/Documents/GitHub/Masquerade-MasterBuild/Masquerade_Prototype/Content/Masquerade_Proto/UI/menu/Hover/Chapters.uasset" 172
"../../../../../../Users/r017429g/Documents/GitHub/Masquerade-MasterBuild/Masquerade_Prototype/Content/Masquerade_Proto/UI/menu/Hover/Options.uasset" 173
"../../../../../../Users/r017429g/Documents/GitHub/Masquerade-MasterBuild/Masquerade_Prototype/Content/Masquerade_Proto/UI/menu/Hover/Quit.uasset" 174
"../../../../../../Users/r017429g/Documents/GitHub/Masquerade-MasterBuild/Masquerade_Prototype/Content/Masquerade_Proto/UI/menu/Hover/Start.uasset" 175
"../../../../../../Users/r017429g/Documents/GitHub/Masquerade-MasterBuild/Masquerade_Prototype/Content/Masquerade_Proto/UI/menu/Static/back.uasset" 176
"../../../../../../Users/r017429g/Documents/GitHub/Masquerade-MasterBuild/Masquerade_Prototype/Content/Masquerade_Proto/UI/menu/Static/Chapters.uasset" 177
"../../../../../../Users/r017429g/Documents/GitHub/Masquerade-MasterBuild/Masquerade_Prototype/Content/Masquerade_Proto/UI/menu/Static/Options.uasset" 178
"../../../../../../Users/r017429g/Documents/GitHub/Masquerade-MasterBuild/Masquerade_Prototype/Content/Masquerade_Proto/UI/menu/Static/Quit.uasset" 179
"../../../../../../Users/r017429g/Documents/GitHub/Masquerade-MasterBuild/Masquerade_Prototype/Content/Masquerade_Proto/UI/menu/Static/Start.uasset" 180
"../../../../../../Users/r017429g/Documents/GitHub/Masquerade-MasterBuild/Masquerade_Prototype/Content/Pickups/PickUp.uasset" 181
"../../../../../../Users/r017429g/Documents/GitHub/Masquerade-MasterBuild/Masquerade_Prototype/Content/Pickups/PickUp2.uasset" 182
"../../../../../../Users/r017429g/Documents/GitHub/Masquerade-MasterBuild/Masquerade_Prototype/Content/Pickups/Pickup3.uasset" 183
"../../../../../../Users/r017429g/Documents/GitHub/Masquerade-MasterBuild/Masquerade_Prototype/Content/Pickups/Pickup4.uasset" 184
"../../../../../../Users/r017429g/Documents/GitHub/Masquerade-MasterBuild/Masquerade_Prototype/Content/Pickups/PickUpWidget.uasset" 185
"../../../../../../Users/r017429g/Documents/GitHub/Masquerade-MasterBuild/Masquerade_Prototype/Content/StarterContent/Materials/M_Basic_Floor.uasset" 186
"../../../../../../Users/r017429g/Documents/GitHub/Masquerade-MasterBuild/Masquerade_Prototype/Content/StarterContent/Architecture/Floor_400x400.uasset" 187
"../../../../../../Users/r017429g/Documents/GitHub/Masquerade-MasterBuild/Masquerade_Prototype/Content/StarterContent/Textures/T_Brick_Clay_Old_D.uasset" 188
"../../../../../../Users/r017429g/Documents/GitHub/Masquerade-MasterBuild/Masquerade_Prototype/Content/StarterContent/Textures/T_Brick_Clay_Old_N.uasset" 189
"../../../../../../Users/r017429g/Documents/GitHub/Masquerade-MasterBuild/Masquerade_Prototype/Content/StarterContent/Materials/M_Brick_Clay_Old.uasset" 190
"../../../../../../Users/r017429g/Documents/GitHub/Masquerade-MasterBuild/Masquerade_Prototype/Content/StarterContent/Textures/T_Brick_Hewn_Stone_D.uasset" 191
"../../../../../../Users/r017429g/Documents/GitHub/Masquerade-MasterBuild/Masquerade_Prototype/Content/StarterContent/Textures/T_Brick_Hewn_Stone_M.uasset" 192
"../../../../../../Users/r017429g/Documents/GitHub/Masquerade-MasterBuild/Masquerade_Prototype/Content/StarterContent/Textures/T_Brick_Hewn_Stone_N.uasset" 193
"../../../../../../Users/r017429g/Documents/GitHub/Masquerade-MasterBuild/Masquerade_Prototype/Content/StarterContent/Textures/T_Detail_Rocky_N.uasset" 194
"../../../../../../Users/r017429g/Documents/GitHub/Masquerade-MasterBuild/Masquerade_Prototype/Content/StarterContent/Materials/M_Brick_Hewn_Stone.uasset" 195
"../../../../../../Users/r017429g/Documents/GitHub/Masquerade-MasterBuild/Masquerade_Prototype/Content/StarterContent/Textures/T_CobbleStone_Pebble_D.uasset" 196
"../../../../../../Users/r017429g/Documents/GitHub/Masquerade-MasterBuild/Masquerade_Prototype/Content/StarterContent/Textures/T_CobbleStone_Pebble_M.uasset" 197
"../../../../../../Users/r017429g/Documents/GitHub/Masquerade-MasterBuild/Masquerade_Prototype/Content/StarterContent/Textures/T_CobbleStone_Pebble_N.uasset" 198
"../../../../../../Users/r017429g/Documents/GitHub/Masquerade-MasterBuild/Masquerade_Prototype/Content/StarterContent/Materials/M_CobbleStone_Pebble.uasset" 199
"../../../../../../Users/r017429g/Documents/GitHub/Masquerade-MasterBuild/Masquerade_Prototype/Content/StarterContent/Textures/T_CobbleStone_Rough_D.uasset" 200
"../../../../../../Users/r017429g/Documents/GitHub/Masquerade-MasterBuild/Masquerade_Prototype/Content/StarterContent/Textures/T_CobbleStone_Rough_N.uasset" 201
"../../../../../../Users/r017429g/Documents/GitHub/Masquerade-MasterBuild/Masquerade_Prototype/Content/StarterContent/Textures/T_Gradinet_01.uasset" 202
"../../../../../../Users/r017429g/Documents/GitHub/Masquerade-MasterBuild/Masquerade_Prototype/Content/StarterContent/Textures/T_Rock_Smooth_Granite_D.uasset" 203
"../../../../../../Users/r017429g/Documents/GitHub/Masquerade-MasterBuild/Masquerade_Prototype/Content/StarterContent/Materials/M_CobbleStone_Rough.uasset" 204
"../../../../../../Users/r017429g/Documents/GitHub/Masquerade-MasterBuild/Masquerade_Prototype/Content/StarterContent/Textures/T_CobbleStone_Smooth_D.uasset" 205
"../../../../../../Users/r017429g/Documents/GitHub/Masquerade-MasterBuild/Masquerade_Prototype/Content/StarterContent/Textures/T_CobbleStone_Smooth_M.uasset" 206
"../../../../../../Users/r017429g/Documents/GitHub/Masquerade-MasterBuild/Masquerade_Prototype/Content/StarterContent/Textures/T_CobbleStone_Smooth_N.uasset" 207
"../../../../../../Users/r017429g/Documents/GitHub/Masquerade-MasterBuild/Masquerade_Prototype/Content/StarterContent/Materials/M_CobbleStone_Smooth.uasset" 208
"../../../../../../Users/r017429g/Documents/GitHub/Masquerade-MasterBuild/Masquerade_Prototype/Content/StarterContent/Textures/T_Concrete_Poured_D.uasset" 209
"../../../../../../Users/r017429g/Documents/GitHub/Masquerade-MasterBuild/Masquerade_Prototype/Content/StarterContent/Textures/T_Concrete_Poured_N.uasset" 210
"../../../../../../Users/r017429g/Documents/GitHub/Masquerade-MasterBuild/Masquerade_Prototype/Content/StarterContent/Materials/M_Concrete_Poured.uasset" 211
"../../../../../../Users/r017429g/Documents/GitHub/Masquerade-MasterBuild/Masquerade_Prototype/Content/StarterContent/Textures/T_Ground_Gravel_D.uasset" 212
"../../../../../../Users/r017429g/Documents/GitHub/Masquerade-MasterBuild/Masquerade_Prototype/Content/StarterContent/Textures/T_Ground_Gravel_N.uasset" 213
"../../../../../../Users/r017429g/Documents/GitHub/Masquerade-MasterBuild/Masquerade_Prototype/Content/StarterContent/Materials/M_Ground_Gravel.uasset" 214
"../../../../../../Users/r017429g/Documents/GitHub/Masquerade-MasterBuild/Masquerade_Prototype/Content/StarterContent/Textures/T_ground_Moss_D.uasset" 215
"../../../../../../Users/r017429g/Documents/GitHub/Masquerade-MasterBuild/Masquerade_Prototype/Content/StarterContent/Textures/T_Ground_Moss_N.uasset" 216
"../../../../../../Users/r017429g/Documents/GitHub/Masquerade-MasterBuild/Masquerade_Prototype/Content/StarterContent/Materials/M_Ground_Moss.uasset" 217
"../../../../../../Users/r017429g/Documents/GitHub/Masquerade-MasterBuild/Masquerade_Prototype/Content/StarterContent/Materials/M_Metal_Brushed_Nickel.uasset" 218
"../../../../../../Users/r017429g/Documents/GitHub/Masquerade-MasterBuild/Masquerade_Prototype/Content/StarterContent/Textures/T_Metal_Aluminum_D.uasset" 219
"../../../../../../Users/r017429g/Documents/GitHub/Masquerade-MasterBuild/Masquerade_Prototype/Content/StarterContent/Textures/T_Metal_Gold_N.uasset" 220
"../../../../../../Users/r017429g/Documents/GitHub/Masquerade-MasterBuild/Masquerade_Prototype/Content/StarterContent/Materials/M_Metal_Burnished_Steel.uasset" 221
"../../../../../../Users/r017429g/Documents/GitHub/Masquerade-MasterBuild/Masquerade_Prototype/Content/StarterContent/Textures/T_Metal_Copper_D.uasset" 222
"../../../../../../Users/r017429g/Documents/GitHub/Masquerade-MasterBuild/Masquerade_Prototype/Content/StarterContent/Materials/M_Metal_Copper.uasset" 223
"../../../../../../Users/r017429g/Documents/GitHub/Masquerade-MasterBuild/Masquerade_Prototype/Content/StarterContent/Textures/T_Metal_Rust_D.uasset" 224
"../../../../../../Users/r017429g/Documents/GitHub/Masquerade-MasterBuild/Masquerade_Prototype/Content/StarterContent/Textures/T_Metal_Rust_N.uasset" 225
"../../../../../../Users/r017429g/Documents/GitHub/Masquerade-MasterBuild/Masquerade_Prototype/Content/StarterContent/Materials/M_Metal_Rust.uasset" 226
"../../../../../../Users/r017429g/Documents/GitHub/Masquerade-MasterBuild/Masquerade_Prototype/Content/StarterContent/Textures/T_Rock_Sandstone_D.uasset" 227
"../../../../../../Users/r017429g/Documents/GitHub/Masquerade-MasterBuild/Masquerade_Prototype/Content/StarterContent/Textures/T_Rock_Sandstone_N.uasset" 228
"../../../../../../Users/r017429g/Documents/GitHub/Masquerade-MasterBuild/Masquerade_Prototype/Content/StarterContent/Materials/M_Rock_Sandstone.uasset" 229
"../../../../../../Users/r017429g/Documents/GitHub/Masquerade-MasterBuild/Masquerade_Prototype/Content/StarterContent/Textures/T_Rock_Slate_D.uasset" 230
"../../../../../../Users/r017429g/Documents/GitHub/Masquerade-MasterBuild/Masquerade_Prototype/Content/StarterContent/Textures/T_Rock_Slate_N.uasset" 231
"../../../../../../Users/r017429g/Documents/GitHub/Masquerade-MasterBuild/Masquerade_Prototype/Content/StarterContent/Materials/M_Rock_Slate.uasset" 232
"../../../../../../Users/r017429g/Documents/GitHub/Masquerade-MasterBuild/Masquerade_Prototype/Content/StarterContent/Textures/T_Checker_Noise_M.uasset" 233
"../../../../../../Users/r017429g/Documents/GitHub/Masquerade-MasterBuild/Masquerade_Prototype/Content/StarterContent/Textures/T_Single_Tile_N.uasset" 234
"../../../../../../Users/r017429g/Documents/GitHub/Masquerade-MasterBuild/Masquerade_Prototype/Content/StarterContent/Textures/T_Tech_Dot_M.uasset" 235
"../../../../../../Users/r017429g/Documents/GitHub/Masquerade-MasterBuild/Masquerade_Prototype/Content/StarterContent/Textures/T_Tech_Dot_N.uasset" 236
"../../../../../../Users/r017429g/Documents/GitHub/Masquerade-MasterBuild/Masquerade_Prototype/Content/StarterContent/Materials/M_Tech_Checker_Dot.uasset" 237
"../../../../../../Users/r017429g/Documents/GitHub/Masquerade-MasterBuild/Masquerade_Prototype/Content/StarterContent/Textures/T_Tech_Hex_Tile_M.uasset" 238
"../../../../../../Users/r017429g/Documents/GitHub/Masquerade-MasterBuild/Masquerade_Prototype/Content/StarterContent/Textures/T_Tech_Hex_Tile_N.uasset" 239
"../../../../../../Users/r017429g/Documents/GitHub/Masquerade-MasterBuild/Masquerade_Prototype/Content/StarterContent/Materials/M_Tech_Hex_Tile.uasset" 240
"../../../../../../Users/r017429g/Documents/GitHub/Masquerade-MasterBuild/Masquerade_Prototype/Content/StarterContent/Materials/M_Tech_Hex_Tile_Pulse.uasset" 241
"../../../../../../Users/r017429g/Documents/GitHub/Masquerade-MasterBuild/Masquerade_Prototype/Content/StarterContent/Textures/T_Metal_Steel_D.uasset" 242
"../../../../../../Users/r017429g/Documents/GitHub/Masquerade-MasterBuild/Masquerade_Prototype/Content/StarterContent/Textures/T_Tech_Panel_M.uasset" 243
"../../../../../../Users/r017429g/Documents/GitHub/Masquerade-MasterBuild/Masquerade_Prototype/Content/StarterContent/Textures/T_Tech_Panel_N.uasset" 244
"../../../../../../Users/r017429g/Documents/GitHub/Masquerade-MasterBuild/Masquerade_Prototype/Content/StarterContent/Materials/M_Tech_Panel.uasset" 245
"../../../Engine/Content/Functions/Engine_MaterialFunctions01/Opacity/AlphaOffset.uasset" 246
"../../../../../../Users/r017429g/Documents/GitHub/Masquerade-MasterBuild/Masquerade_Prototype/Content/StarterContent/Textures/T_Wood_Floor_Walnut_D.uasset" 247
"../../../../../../Users/r017429g/Documents/GitHub/Masquerade-MasterBuild/Masquerade_Prototype/Content/StarterContent/Textures/T_Wood_Floor_Walnut_M.uasset" 248
"../../../../../../Users/r017429g/Documents/GitHub/Masquerade-MasterBuild/Masquerade_Prototype/Content/StarterContent/Textures/T_Wood_Floor_Walnut_N.uasset" 249
"../../../../../../Users/r017429g/Documents/GitHub/Masquerade-MasterBuild/Masquerade_Prototype/Content/StarterContent/Materials/M_Wood_Floor_Walnut_Worn.uasset" 250
"../../../../../../Users/r017429g/Documents/GitHub/Masquerade-MasterBuild/Masquerade_Prototype/Content/StarterContent/Textures/T_Wood_Oak_D.uasset" 251
"../../../../../../Users/r017429g/Documents/GitHub/Masquerade-MasterBuild/Masquerade_Prototype/Content/StarterContent/Textures/T_Wood_Oak_N.uasset" 252
"../../../../../../Users/r017429g/Documents/GitHub/Masquerade-MasterBuild/Masquerade_Prototype/Content/StarterContent/Materials/M_Wood_Oak.uasset" 253
"../../../../../../Users/r017429g/Documents/GitHub/Masquerade-MasterBuild/Masquerade_Prototype/Content/StarterContent/Textures/T_Wood_Pine_D.uasset" 254
"../../../../../../Users/r017429g/Documents/GitHub/Masquerade-MasterBuild/Masquerade_Prototype/Content/StarterContent/Textures/T_Wood_Pine_N.uasset" 255
"../../../../../../Users/r017429g/Documents/GitHub/Masquerade-MasterBuild/Masquerade_Prototype/Content/StarterContent/Materials/M_Wood_Pine.uasset" 256
"../../../../../../Users/r017429g/Documents/GitHub/Masquerade-MasterBuild/Masquerade_Prototype/Content/StarterContent/Props/MaterialSphere.uasset" 257
"../../../../../../Users/r017429g/Documents/GitHub/Masquerade-MasterBuild/Masquerade_Prototype/Content/StarterContent/Textures/T_Bush_D.uasset" 258
"../../../../../../Users/r017429g/Documents/GitHub/Masquerade-MasterBuild/Masquerade_Prototype/Content/StarterContent/Textures/T_Bush_N.uasset" 259
"../../../../../../Users/r017429g/Documents/GitHub/Masquerade-MasterBuild/Masquerade_Prototype/Content/StarterContent/Props/Materials/M_Bush.uasset" 260
"../../../../../../Users/r017429g/Documents/GitHub/Masquerade-MasterBuild/Masquerade_Prototype/Content/StarterContent/Props/SM_Bush.uasset" 261
"../../../../../../Users/r017429g/Documents/GitHub/Masquerade-MasterBuild/Masquerade_Prototype/Content/StarterContent/Textures/T_Chair_M.uasset" 262
"../../../../../../Users/r017429g/Documents/GitHub/Masquerade-MasterBuild/Masquerade_Prototype/Content/StarterContent/Textures/T_Chair_N.uasset" 263
"../../../../../../Users/r017429g/Documents/GitHub/Masquerade-MasterBuild/Masquerade_Prototype/Content/StarterContent/Props/Materials/M_Chair.uasset" 264
"../../../../../../Users/r017429g/Documents/GitHub/Masquerade-MasterBuild/Masquerade_Prototype/Content/StarterContent/Props/SM_Chair.uasset" 265
"../../../../../../Users/r017429g/Documents/GitHub/Masquerade-MasterBuild/Masquerade_Prototype/Content/StarterContent/Textures/T_Frame_M.uasset" 266
"../../../../../../Users/r017429g/Documents/GitHub/Masquerade-MasterBuild/Masquerade_Prototype/Content/StarterContent/Textures/T_Frame_N.uasset" 267
"../../../../../../Users/r017429g/Documents/GitHub/Masquerade-MasterBuild/Masquerade_Prototype/Content/StarterContent/Props/Materials/M_Frame.uasset" 268
"../../../../../../Users/r017429g/Documents/GitHub/Masquerade-MasterBuild/Masquerade_Prototype/Content/StarterContent/Props/SM_CornerFrame.uasset" 269
"../../../../../../Users/r017429g/Documents/GitHub/Masquerade-MasterBuild/Masquerade_Prototype/Content/StarterContent/Props/SM_Couch.uasset" 270
"../../../../../../Users/r017429g/Documents/GitHub/Masquerade-MasterBuild/Masquerade_Prototype/Content/StarterContent/Materials/M_Glass.uasset" 271
"../../../../../../Users/r017429g/Documents/GitHub/Masquerade-MasterBuild/Masquerade_Prototype/Content/StarterContent/Textures/T_Door_M.uasset" 272
"../../../../../../Users/r017429g/Documents/GitHub/Masquerade-MasterBuild/Masquerade_Prototype/Content/StarterContent/Textures/T_Door_N.uasset" 273
"../../../../../../Users/r017429g/Documents/GitHub/Masquerade-MasterBuild/Masquerade_Prototype/Content/StarterContent/Props/Materials/M_Door.uasset" 274
"../../../../../../Users/r017429g/Documents/GitHub/Masquerade-MasterBuild/Masquerade_Prototype/Content/StarterContent/Props/SM_Door.uasset" 275
"../../../../../../Users/r017429g/Documents/GitHub/Masquerade-MasterBuild/Masquerade_Prototype/Content/StarterContent/Props/SM_DoorFrame.uasset" 276
"../../../../../../Users/r017429g/Documents/GitHub/Masquerade-MasterBuild/Masquerade_Prototype/Content/StarterContent/Props/SM_GlassWindow.uasset" 277
"../../../../../../Users/r017429g/Documents/GitHub/Masquerade-MasterBuild/Masquerade_Prototype/Content/StarterContent/Textures/T_Lamp_M.uasset" 278
"../../../../../../Users/r017429g/Documents/GitHub/Masquerade-MasterBuild/Masquerade_Prototype/Content/StarterContent/Textures/T_Lamp_N.uasset" 279
"../../../../../../Users/r017429g/Documents/GitHub/Masquerade-MasterBuild/Masquerade_Prototype/Content/StarterContent/Props/Materials/M_Lamp.uasset" 280
"../../../../../../Users/r017429g/Documents/GitHub/Masquerade-MasterBuild/Masquerade_Prototype/Content/StarterContent/Props/SM_Lamp_Ceiling.uasset" 281
"../../../../../../Users/r017429g/Documents/GitHub/Masquerade-MasterBuild/Masquerade_Prototype/Content/StarterContent/Props/SM_Lamp_Wall.uasset" 282
"../../../../../../Users/r017429g/Documents/GitHub/Masquerade-MasterBuild/Masquerade_Prototype/Content/StarterContent/Props/Materials/M_MaterialSphere.uasset" 283
"../../../../../../Users/r017429g/Documents/GitHub/Masquerade-MasterBuild/Masquerade_Prototype/Content/StarterContent/Props/Materials/M_MaterialSphere_Plain.uasset" 284
"../../../../../../Users/r017429g/Documents/GitHub/Masquerade-MasterBuild/Masquerade_Prototype/Content/StarterContent/Props/SM_MatPreviewMesh_02.uasset" 285
"../../../../../../Users/r017429g/Documents/GitHub/Masquerade-MasterBuild/Masquerade_Prototype/Content/StarterContent/Props/SM_PillarFrame.uasset" 286
"../../../../../../Users/r017429g/Documents/GitHub/Masquerade-MasterBuild/Masquerade_Prototype/Content/StarterContent/Props/SM_PillarFrame300.uasset" 287
"../../../../../../Users/r017429g/Documents/GitHub/Masquerade-MasterBuild/Masquerade_Prototype/Content/StarterContent/Textures/T_Rock_Basalt_D.uasset" 288
"../../../../../../Users/r017429g/Documents/GitHub/Masquerade-MasterBuild/Masquerade_Prototype/Content/StarterContent/Textures/T_RockMesh_M.uasset" 289
"../../../../../../Users/r017429g/Documents/GitHub/Masquerade-MasterBuild/Masquerade_Prototype/Content/StarterContent/Textures/T_RockMesh_N.uasset" 290
"../../../../../../Users/r017429g/Documents/GitHub/Masquerade-MasterBuild/Masquerade_Prototype/Content/StarterContent/Props/Materials/M_Rock.uasset" 291
"../../../../../../Users/r017429g/Documents/GitHub/Masquerade-MasterBuild/Masquerade_Prototype/Content/StarterContent/Props/SM_Rock.uasset" 292
"../../../../../../Users/r017429g/Documents/GitHub/Masquerade-MasterBuild/Masquerade_Prototype/Content/StarterContent/Textures/T_Shelf_M.uasset" 293
"../../../../../../Users/r017429g/Documents/GitHub/Masquerade-MasterBuild/Masquerade_Prototype/Content/StarterContent/Textures/T_Shelf_N.uasset" 294
"../../../../../../Users/r017429g/Documents/GitHub/Masquerade-MasterBuild/Masquerade_Prototype/Content/StarterContent/Props/Materials/M_Shelf.uasset" 295
"../../../../../../Users/r017429g/Documents/GitHub/Masquerade-MasterBuild/Masquerade_Prototype/Content/StarterContent/Props/SM_Shelf.uasset" 296
"../../../../../../Users/r017429g/Documents/GitHub/Masquerade-MasterBuild/Masquerade_Prototype/Content/StarterContent/Materials/M_Basic_Wall.uasset" 297
"../../../../../../Users/r017429g/Documents/GitHub/Masquerade-MasterBuild/Masquerade_Prototype/Content/StarterContent/Props/SM_Stairs.uasset" 298
"../../../../../../Users/r017429g/Documents/GitHub/Masquerade-MasterBuild/Masquerade_Prototype/Content/StarterContent/Textures/T_Statue_M.uasset" 299
"../../../../../../Users/r017429g/Documents/GitHub/Masquerade-MasterBuild/Masquerade_Prototype/Content/StarterContent/Textures/T_Statue_N.uasset" 300
"../../../../../../Users/r017429g/Documents/GitHub/Masquerade-MasterBuild/Masquerade_Prototype/Content/StarterContent/Props/Materials/M_Statue.uasset" 301
"../../../../../../Users/r017429g/Documents/GitHub/Masquerade-MasterBuild/Masquerade_Prototype/Content/StarterContent/Props/Materials/M_StatueGlass.uasset" 302
"../../../../../../Users/r017429g/Documents/GitHub/Masquerade-MasterBuild/Masquerade_Prototype/Content/StarterContent/Props/SM_Statue.uasset" 303
"../../../../../../Users/r017429g/Documents/GitHub/Masquerade-MasterBuild/Masquerade_Prototype/Content/StarterContent/Textures/T_TableRound_M.uasset" 304
"../../../../../../Users/r017429g/Documents/GitHub/Masquerade-MasterBuild/Masquerade_Prototype/Content/StarterContent/Textures/T_TableRound_N.uasset" 305
"../../../../../../Users/r017429g/Documents/GitHub/Masquerade-MasterBuild/Masquerade_Prototype/Content/StarterContent/Props/Materials/M_TableRound.uasset" 306
"../../../../../../Users/r017429g/Documents/GitHub/Masquerade-MasterBuild/Masquerade_Prototype/Content/StarterContent/Props/SM_TableRound.uasset" 307
"../../../../../../Users/r017429g/Documents/GitHub/Masquerade-MasterBuild/Masquerade_Prototype/Content/StarterContent/Props/SM_WindowFrame.uasset" 308
"../../../../../../Users/r017429g/Documents/GitHub/Masquerade-MasterBuild/Masquerade_Prototype/Content/StarterContent/Shapes/Shape_Cone.uasset" 309
"../../../../../../Users/r017429g/Documents/GitHub/Masquerade-MasterBuild/Masquerade_Prototype/Content/StarterContent/Shapes/Shape_Cube.uasset" 310
"../../../../../../Users/r017429g/Documents/GitHub/Masquerade-MasterBuild/Masquerade_Prototype/Content/StarterContent/Shapes/Shape_Cylinder.uasset" 311
"../../../../../../Users/r017429g/Documents/GitHub/Masquerade-MasterBuild/Masquerade_Prototype/Content/StarterContent/Shapes/Shape_NarrowCapsule.uasset" 312
"../../../../../../Users/r017429g/Documents/GitHub/Masquerade-MasterBuild/Masquerade_Prototype/Content/StarterContent/Shapes/Shape_Pipe.uasset" 313
"../../../../../../Users/r017429g/Documents/GitHub/Masquerade-MasterBuild/Masquerade_Prototype/Content/StarterContent/Shapes/Shape_Pipe_180.uasset" 314
"../../../../../../Users/r017429g/Documents/GitHub/Masquerade-MasterBuild/Masquerade_Prototype/Content/StarterContent/Shapes/Shape_Pipe_90.uasset" 315
"../../../../../../Users/r017429g/Documents/GitHub/Masquerade-MasterBuild/Masquerade_Prototype/Content/StarterContent/Shapes/Shape_Plane.uasset" 316
"../../../../../../Users/r017429g/Documents/GitHub/Masquerade-MasterBuild/Masquerade_Prototype/Content/StarterContent/Shapes/Shape_QuadPyramid.uasset" 317
"../../../../../../Users/r017429g/Documents/GitHub/Masquerade-MasterBuild/Masquerade_Prototype/Content/StarterContent/Shapes/Shape_Sphere.uasset" 318
"../../../../../../Users/r017429g/Documents/GitHub/Masquerade-MasterBuild/Masquerade_Prototype/Content/StarterContent/Shapes/Shape_Torus.uasset" 319
"../../../../../../Users/r017429g/Documents/GitHub/Masquerade-MasterBuild/Masquerade_Prototype/Content/StarterContent/Shapes/Shape_Trim.uasset" 320
"../../../../../../Users/r017429g/Documents/GitHub/Masquerade-MasterBuild/Masquerade_Prototype/Content/StarterContent/Shapes/Shape_Trim_90_In.uasset" 321
"../../../../../../Users/r017429g/Documents/GitHub/Masquerade-MasterBuild/Masquerade_Prototype/Content/StarterContent/Shapes/Shape_Trim_90_Out.uasset" 322
"../../../../../../Users/r017429g/Documents/GitHub/Masquerade-MasterBuild/Masquerade_Prototype/Content/StarterContent/Shapes/Shape_TriPyramid.uasset" 323
"../../../../../../Users/r017429g/Documents/GitHub/Masquerade-MasterBuild/Masquerade_Prototype/Content/StarterContent/Shapes/Shape_Tube.uasset" 324
"../../../../../../Users/r017429g/Documents/GitHub/Masquerade-MasterBuild/Masquerade_Prototype/Content/StarterContent/Shapes/Shape_Wedge_A.uasset" 325
"../../../../../../Users/r017429g/Documents/GitHub/Masquerade-MasterBuild/Masquerade_Prototype/Content/StarterContent/Shapes/Shape_Wedge_B.uasset" 326
"../../../../../../Users/r017429g/Documents/GitHub/Masquerade-MasterBuild/Masquerade_Prototype/Content/StarterContent/Shapes/Shape_WideCapsule.uasset" 327
"../../../../../../Users/r017429g/Documents/GitHub/Masquerade-MasterBuild/Masquerade_Prototype/Content/StarterContent/Textures/T_Burst_M.uasset" 328
"../../../../../../Users/r017429g/Documents/GitHub/Masquerade-MasterBuild/Masquerade_Prototype/Content/StarterContent/Textures/T_Dust_Particle_D.uasset" 329
"../../../../../../Users/r017429g/Documents/GitHub/Masquerade-MasterBuild/Masquerade_Prototype/Content/StarterContent/Textures/T_Explosion_SubUV.uasset" 330
"../../../../../../Users/r017429g/Documents/GitHub/Masquerade-MasterBuild/Masquerade_Prototype/Content/StarterContent/Textures/T_Fire_SubUV.uasset" 331
"../../../../../../Users/r017429g/Documents/GitHub/Masquerade-MasterBuild/Masquerade_Prototype/Content/StarterContent/Textures/T_Fire_Tiled_D.uasset" 332
"../../../../../../Users/r017429g/Documents/GitHub/Masquerade-MasterBuild/Masquerade_Prototype/Content/StarterContent/Textures/T_Smoke_SubUV.uasset" 333
"../../../../../../Users/r017429g/Documents/GitHub/Masquerade-MasterBuild/Masquerade_Prototype/Content/StarterContent/Textures/T_Smoke_Tiled_D.uasset" 334
"../../../../../../Users/r017429g/Documents/GitHub/Masquerade-MasterBuild/Masquerade_Prototype/Content/StarterContent/Textures/T_Spark_Core.uasset" 335
"../../../../../../Users/r017429g/Documents/GitHub/Masquerade-MasterBuild/Masquerade_Prototype/Content/Masquerade_Proto/BluePrints/BlockTest.uasset" 336
"../../../../../../Users/r017429g/Documents/GitHub/Masquerade-MasterBuild/Masquerade_Prototype/Content/AnimStarterPack/Idle_Rifle_Hip.uasset" 337
"../../../../../../Users/r017429g/Documents/GitHub/Masquerade-MasterBuild/Masquerade_Prototype/Content/Masquerade_Proto/Characters/NPC/DialogueInterface.uasset" 338
"../../../Engine/Content/Functions/MaterialLayerFunctions/MatLayerBlend_AO.uasset" 339
"../../../../../../Users/r017429g/Documents/GitHub/Masquerade-MasterBuild/Masquerade_Prototype/Content/AnimStarterPack/UE4_Mannequin/Materials/MaterialLayers/T_ML_Rubber_Blue_01_D.uasset" 340
"../../../../../../Users/r017429g/Documents/GitHub/Masquerade-MasterBuild/Masquerade_Prototype/Content/AnimStarterPack/UE4_Mannequin/Materials/MaterialLayers/T_ML_Rubber_Blue_01_N.uasset" 341
"../../../../../../Users/r017429g/Documents/GitHub/Masquerade-MasterBuild/Masquerade_Prototype/Content/AnimStarterPack/UE4_Mannequin/Materials/MaterialLayers/ML_GlossyBlack_Latex_UE4.uasset" 342
"../../../../../../Users/r017429g/Documents/GitHub/Masquerade-MasterBuild/Masquerade_Prototype/Content/AnimStarterPack/UE4_Mannequin/Materials/MaterialLayers/ML_Plastic_Shiny_Beige.uasset" 343
"../../../../../../Users/r017429g/Documents/GitHub/Masquerade-MasterBuild/Masquerade_Prototype/Content/AnimStarterPack/UE4_Mannequin/Textures/UE4_LOGO_CARD.uasset" 344
"../../../../../../Users/r017429g/Documents/GitHub/Masquerade-MasterBuild/Masquerade_Prototype/Content/AnimStarterPack/UE4_Mannequin/Materials/MaterialLayers/ML_Plastic_Shiny_Beige_LOGO.uasset" 345
"../../../../../../Users/r017429g/Documents/GitHub/Masquerade-MasterBuild/Masquerade_Prototype/Content/AnimStarterPack/UE4_Mannequin/Materials/MaterialLayers/T_ML_Aluminum01.uasset" 346
"../../../../../../Users/r017429g/Documents/GitHub/Masquerade-MasterBuild/Masquerade_Prototype/Content/AnimStarterPack/UE4_Mannequin/Materials/MaterialLayers/T_ML_Aluminum01_N.uasset" 347
"../../../../../../Users/r017429g/Documents/GitHub/Masquerade-MasterBuild/Masquerade_Prototype/Content/AnimStarterPack/UE4_Mannequin/Materials/MaterialLayers/ML_SoftMetal_UE4.uasset" 348
"../../../../../../Users/r017429g/Documents/GitHub/Masquerade-MasterBuild/Masquerade_Prototype/Content/AnimStarterPack/UE4_Mannequin/Textures/UE4_Mannequin__normals.uasset" 349
"../../../../../../Users/r017429g/Documents/GitHub/Masquerade-MasterBuild/Masquerade_Prototype/Content/AnimStarterPack/UE4_Mannequin/Textures/UE4_Mannequin_MAT_MASKA.uasset" 350
"../../../../../../Users/r017429g/Documents/GitHub/Masquerade-MasterBuild/Masquerade_Prototype/Content/AnimStarterPack/UE4_Mannequin/Textures/UE4_Mannequin_occlusion_Mobile.uasset" 351
"../../../../../../Users/r017429g/Documents/GitHub/Masquerade-MasterBuild/Masquerade_Prototype/Content/AnimStarterPack/UE4_Mannequin/Materials/M_UE4Man_Body.uasset" 352
"../../../../../../Users/r017429g/Documents/GitHub/Masquerade-MasterBuild/Masquerade_Prototype/Content/AnimStarterPack/UE4_Mannequin/Textures/UE4Man_Logo_N.uasset" 353
"../../../../../../Users/r017429g/Documents/GitHub/Masquerade-MasterBuild/Masquerade_Prototype/Content/AnimStarterPack/UE4_Mannequin/Materials/M_UE4Man_ChestLogo.uasset" 354
"../../../../../../Users/r017429g/Documents/GitHub/Masquerade-MasterBuild/Masquerade_Prototype/Content/AnimStarterPack/UE4_Mannequin/Mesh/SK_Mannequin_PhysicsAsset.uasset" 355
"../../../../../../Users/r017429g/Documents/GitHub/Masquerade-MasterBuild/Masquerade_Prototype/Content/AnimStarterPack/UE4_Mannequin/Mesh/SK_Mannequin.uasset" 356
"../../../../../../Users/r017429g/Documents/GitHub/Masquerade-MasterBuild/Masquerade_Prototype/Content/Masquerade_Proto/Characters/NPC/Dialouge.uasset" 357
"../../../../../../Users/r017429g/Documents/GitHub/Masquerade-MasterBuild/Masquerade_Prototype/Content/Masquerade_Proto/Characters/NPC/NPC.uasset" 358
"../../../../../../Users/r017429g/Documents/GitHub/Masquerade-MasterBuild/Masquerade_Prototype/Content/Temp/CharCamLock.uasset" 359
"../../../Engine/Content/ArtTools/RenderToTexture/Meshes/S_1_Unit_Plane.uasset" 360
"../../../Engine/Content/EditorLandscapeResources/DataLayer.uasset" 361
"../../../Engine/Content/EditorMaterials/GizmoMaterial.uasset" 362
"../../../Engine/Content/EditorMaterials/MAT_Groups_Toggle.uasset" 363
"../../../Engine/Content/EditorMaterials/MAT_Groups_Visibility.uasset" 364
"../../../Engine/Content/EditorMaterials/PreviewShadowIndicator.uasset" 365
"../../../Engine/Content/EditorMaterials/PreviewShadowIndicatorMaterial.uasset" 366
"../../../Engine/Content/EditorMaterials/MatineeGroups/MAT_ColorTrack.uasset" 367
"../../../Engine/Content/EditorMaterials/MatineeGroups/MAT_Groups_Anim.uasset" 368
"../../../Engine/Content/EditorMaterials/MatineeGroups/MAT_Groups_AudioMaster.uasset" 369
"../../../Engine/Content/EditorMaterials/MatineeGroups/MAT_Groups_Director.uasset" 370
"../../../Engine/Content/EditorMaterials/MatineeGroups/MAT_Groups_Event.uasset" 371
"../../../Engine/Content/EditorMaterials/MatineeGroups/MAT_Groups_Fade.uasset" 372
"../../../Engine/Content/EditorMaterials/MatineeGroups/MAT_Groups_Float.uasset" 373
"../../../Engine/Content/EditorMaterials/MatineeGroups/MAT_Groups_Move.uasset" 374
"../../../Engine/Content/EditorMaterials/MatineeGroups/MAT_Groups_Slomo.uasset" 375
"../../../Engine/Content/EditorMaterials/MatineeGroups/MAT_Groups_Sound.uasset" 376
"../../../Engine/Content/EditorMaterials/MatineeGroups/MAT_Groups_Vector.uasset" 377
"../../../Engine/Content/EditorMaterials/ParticleSystems/PSysThumbnail_NoImage.uasset" 378
"../../../Engine/Content/EditorMaterials/ParticleSystems/PSysThumbnail_OOD.uasset" 379
"../../../Engine/Content/EditorMaterials/Camera/CineMat.uasset" 380
"../../../Engine/Content/EditorMaterials/Camera/MI_CineMat_Rig.uasset" 381
"../../../Engine/Content/EditorMeshes/Camera/SM_CraneRig_Arm.uasset" 382
"../../../Engine/Content/EditorMeshes/Camera/SM_CraneRig_Base.uasset" 383
"../../../Engine/Content/EditorMeshes/Camera/SM_CraneRig_Body.uasset" 384
"../../../Engine/Content/EditorMeshes/Camera/SM_CraneRig_Mount.uasset" 385
"../../../Engine/Content/EditorMeshes/Camera/SM_RailRig_Mount.uasset" 386
"../../../Engine/Content/EditorMeshes/Camera/SM_RailRig_Track.uasset" 387
"../../../Engine/Content/EditorResources/BSPVertex.uasset" 388
"../../../Engine/Content/EditorResources/EmptyActor.uasset" 389
"../../../Engine/Content/EditorResources/S_Actor.uasset" 390
"../../../Engine/Content/EditorResources/S_Trigger.uasset" 391
"../../../Engine/Content/EditorResources/LightIcons/S_LightError.uasset" 392
"../../../Engine/Content/EditorResources/SequenceRecorder/Countdown.uasset" 393
"../../../Engine/Content/EditorResources/SequenceRecorder/RecordingIndicator.uasset" 394
"../../../Engine/Content/EditorSounds/Notifications/CompileFailed.uasset" 395
"../../../Engine/Content/EditorSounds/Notifications/CompileFailed_Cue.uasset" 396
"../../../Engine/Content/EditorSounds/Notifications/CompileSuccess.uasset" 397
"../../../Engine/Content/EditorSounds/Notifications/CompileStart_Cue.uasset" 398
"../../../Engine/Content/EditorSounds/Notifications/CompileSuccess_Cue.uasset" 399
"../../../Engine/Content/EngineDamageTypes/DmgTypeBP_Environmental.uasset" 400
"../../../Engine/Content/EngineDebugMaterials/HeatmapGradient.uasset" 401
"../../../Engine/Content/EngineDebugMaterials/BoneWeightMaterial.uasset" 402
"../../../Engine/Content/EngineDebugMaterials/ClothMaterial.uasset" 403
"../../../Engine/Content/EngineDebugMaterials/ClothMaterial_WF.uasset" 404
"../../../Engine/Content/EngineDebugMaterials/DebugEditorMaterial.uasset" 405
"../../../Engine/Content/EngineDebugMaterials/DebugMeshMaterial.uasset" 406
"../../../Engine/Content/EngineDebugMaterials/GeomMaterial.uasset" 407
"../../../Engine/Content/EngineDebugMaterials/M_SimpleTranslucent.uasset" 408
"../../../Engine/Content/EngineFonts/Faces/RobotoBold.uasset" 409
"../../../Engine/Content/EngineFonts/Faces/RobotoBoldItalic.uasset" 410
"../../../Engine/Content/EngineFonts/Faces/RobotoItalic.uasset" 411
"../../../Engine/Content/EngineFonts/Faces/RobotoLight.uasset" 412
"../../../Engine/Content/EngineFonts/Faces/RobotoRegular.uasset" 413
"../../../Engine/Content/EngineFonts/Roboto.uasset" 414
"../../../Engine/Content/EngineFonts/Faces/RobotoTiny.uasset" 415
"../../../Engine/Content/EngineFonts/RobotoTiny.uasset" 416
"../../../Engine/Content/EngineMaterials/BaseFlattenDiffuseMap.uasset" 417
"../../../Engine/Content/EngineMaterials/BaseFlattenEmissiveMap.uasset" 418
"../../../Engine/Content/EngineMaterials/BaseFlattenGrayscaleMap.uasset" 419
"../../../Engine/Content/EngineMaterials/BaseFlattenNormalMap.uasset" 420
"../../../Engine/Content/EngineMaterials/BaseFlattenMaterial.uasset" 421
"../../../Engine/Content/EngineMaterials/DefaultBloomKernel.uasset" 422
"../../../Engine/Content/EngineMaterials/DefaultBokeh.uasset" 423
"../../../Engine/Content/EngineMaterials/DefaultDiffuse.uasset" 424
"../../../Engine/Content/EngineMaterials/DefaultDeferredDecalMaterial.uasset" 425
"../../../Engine/Content/EngineMaterials/DefaultLightFunctionMaterial.uasset" 426
"../../../Engine/Content/EngineMaterials/DefaultPhysicalMaterial.uasset" 427
"../../../Engine/Content/Functions/Engine_MaterialFunctions02/Utility/BreakOutFloat2Components.uasset" 428
"../../../Engine/Content/EngineMaterials/DefaultPostProcessMaterial.uasset" 429
"../../../Engine/Content/EngineFonts/RobotoDistanceField.uasset" 430
"../../../Engine/Content/EngineMaterials/DefaultTextMaterialOpaque.uasset" 431
"../../../Engine/Content/EngineMaterials/DefaultWhiteGrid.uasset" 432
"../../../Engine/Content/EngineMaterials/EditorBrushMaterial.uasset" 433
"../../../Engine/Content/EngineMaterials/Good64x64TilingNoiseHighFreq.uasset" 434
"../../../Engine/Content/EngineMaterials/MiniFont.uasset" 435
"../../../Engine/Content/EngineMaterials/InvalidLightmapSettings.uasset" 436
"../../../Engine/Content/EngineMaterials/M_InvalidLightmapSettings.uasset" 437
"../../../Engine/Content/Functions/Engine_MaterialFunctions02/WorldPositionOffset/CameraOffset.uasset" 438
"../../../Engine/Content/EngineMaterials/PhAT_JointLimitMaterial.uasset" 439
"../../../Engine/Content/EngineMaterials/PreintegratedSkinBRDF.uasset" 440
"../../../Engine/Content/EngineMaterials/RemoveSurfaceMaterial.uasset" 441
"../../../Engine/Content/EngineMaterials/WeightMapPlaceholderTexture.uasset" 442
"../../../Engine/Content/EngineResources/WhiteSquareTexture.uasset" 443
"../../../Engine/Content/EngineMaterials/Widget3DPassThrough.uasset" 444
"../../../Engine/Content/EngineMaterials/Widget3DPassThrough_Masked.uasset" 445
"../../../Engine/Content/EngineMaterials/Widget3DPassThrough_Opaque.uasset" 446
"../../../Engine/Content/EngineMaterials/Widget3DPassThrough_Masked_OneSided.uasset" 447
"../../../Engine/Content/EngineMaterials/Widget3DPassThrough_Opaque_OneSided.uasset" 448
"../../../Engine/Content/EngineMaterials/Widget3DPassThrough_Translucent.uasset" 449
"../../../Engine/Content/EngineMaterials/Widget3DPassThrough_Translucent_OneSided.uasset" 450
"../../../Engine/Content/EngineMeshes/Cylinder.uasset" 451
"../../../Engine/Content/EngineMeshes/Sphere.uasset" 452
"../../../Engine/Content/EngineResources/Black.uasset" 453
"../../../Engine/Content/EngineResources/DefaultTexture.uasset" 454
"../../../Engine/Content/EngineResources/DefaultTextureCube.uasset" 455
"../../../Engine/Content/EngineResources/DefaultVolumeTexture2D.uasset" 456
"../../../Engine/Content/EngineResources/DefaultVolumeTexture.uasset" 457
"../../../Engine/Content/EngineResources/GradientTexture0.uasset" 458
"../../../Engine/Content/EngineSounds/Master.uasset" 459
"../../../Engine/Content/Functions/Engine_MaterialFunctions01/Shading/ConvertFromDiffSpec.uasset" 460
"../../../Engine/Content/Functions/Engine_MaterialFunctions01/Shading/PowerToRoughness.uasset" 461
"../../../Engine/Content/Maps/Templates/Thumbnails/Default.uasset" 462
"../../../Engine/Content/Maps/Templates/Thumbnails/VR-Basic.uasset" 463
"../../../Engine/Content/MobileResources/T_MobileControls_texture.uasset" 464
"../../../Engine/Content/MobileResources/T_MobileMenu2.uasset" 465
"../../../Engine/Content/MobileResources/HUD/AnalogHat.uasset" 466
"../../../Engine/Content/MobileResources/HUD/VirtualJoystick_Background.uasset" 467
"../../../Engine/Content/MobileResources/HUD/VirtualJoystick_Thumb.uasset" 468
"../../../Engine/Content/MobileResources/HUD/DefaultVirtualJoysticks.uasset" 469
"../../../Engine/Content/MobileResources/HUD/LeftVirtualJoystickOnly.uasset" 470
"../../../Engine/Content/MobileResources/HUD/MobileHUDButton1_off.uasset" 471
"../../../Engine/Content/MobileResources/HUD/MobileHUDButton1_on.uasset" 472
"../../../Engine/Content/MobileResources/HUD/MobileHUDButton2_off.uasset" 473
"../../../Engine/Content/MobileResources/HUD/MobileHUDButton2_on.uasset" 474
"../../../Engine/Content/MobileResources/HUD/MobileHUDButton3.uasset" 475
"../../../Engine/Content/MobileResources/HUD/MobileHUDButtonFire.uasset" 476
"../../../Engine/Content/MobileResources/HUD/MobileHUDDirectionPad.uasset" 477
"../../../Engine/Content/MobileResources/HUD/MobileHUDDirectionPad2.uasset" 478
"../../../Engine/Content/MobileResources/HUD/MobileHUDDirectionPad3.uasset" 479
"../../../Engine/Content/MobileResources/HUD/MobileHUDDirectionStick.uasset" 480
"../../../Engine/Content/MobileResources/HUD/T_Castle_ThumbstickInner.uasset" 481
"../../../Engine/Content/MobileResources/HUD/T_Castle_ThumbstickOutter.uasset" 482
"../../../Engine/Content/Tutorial/ContentIntroCurve.uasset" 483
"../../../Engine/Content/VREditor/LaserPointer/VR_LaserPower_01.uasset" 484
"../../../Engine/Content/VREditor/TransformGizmo/TransformGizmoMaterial.uasset" 485
"../../../Engine/Content/VREditor/TransformGizmo/TranslucentTransformGizmoMaterial.uasset" 486
"../../../Engine/Content/VREditor/TransformGizmo/BoundingBoxCorner.uasset" 487
"../../../Engine/Content/VREditor/TransformGizmo/BoundingBoxEdge.uasset" 488
"../../../Engine/Content/VREditor/TransformGizmo/PlaneTranslationHandle.uasset" 489
"../../../Engine/Content/VREditor/TransformGizmo/Main.uasset" 490
"../../../Engine/Content/VREditor/TransformGizmo/Xray.uasset" 491
"../../../Engine/Content/VREditor/TransformGizmo/SM_Sequencer_Key.uasset" 492
"../../../Engine/Content/VREditor/TransformGizmo/SM_Sequencer_Node.uasset" 493
"../../Plugins/2D/Paper2D/Content/PlaceholderTextures/DummySpriteTexture.uasset" 494
"../../Plugins/2D/Paper2D/Content/DummySprite.uasset" 495
"../../Plugins/2D/Paper2D/Content/DefaultPaperTerrainMaterial.uasset" 496
"../../Plugins/2D/Paper2D/Content/DefaultSpriteMaterial.uasset" 497
"../../Plugins/2D/Paper2D/Content/MaskedUnlitSpriteMaterial.uasset" 498
"../../Plugins/2D/Paper2D/Content/OpaqueUnlitSpriteMaterial.uasset" 499
"../../Plugins/Runtime/Oculus/OculusVR/Content/Materials/PokeAHoleMaterial.uasset" 500
"../../Plugins/Runtime/Oculus/OculusVR/Content/Textures/GearVRController_AO.uasset" 501
"../../Plugins/Runtime/Oculus/OculusVR/Content/Textures/GearVRController_Color.uasset" 502
"../../Plugins/Runtime/Oculus/OculusVR/Content/Textures/GearVRController_Normal.uasset" 503
"../../Plugins/Runtime/Oculus/OculusVR/Content/Materials/GearVRControllerMaterial.uasset" 504
"../../Plugins/Runtime/Oculus/OculusVR/Content/Meshes/GearVrController.uasset" 505
"../../Plugins/Runtime/Oculus/OculusVR/Content/Textures/touchController_albedo.uasset" 506
"../../Plugins/Runtime/Oculus/OculusVR/Content/Textures/touchController_controlmap.uasset" 507
"../../Plugins/Runtime/Oculus/OculusVR/Content/Materials/touchController_mat.uasset" 508
"../../Plugins/Runtime/Oculus/OculusVR/Content/Meshes/LeftTouchController.uasset" 509
"../../Plugins/Runtime/Oculus/OculusVR/Content/Meshes/RiftHMD.uasset" 510
"../../Plugins/Runtime/Oculus/OculusVR/Content/Meshes/RightTouchController.uasset" 511
"../../../../../../Users/r017429g/Documents/GitHub/Masquerade-MasterBuild/Masquerade_Prototype/Content/AnimStarterPack/Crouch_Idle_Rifle_Hip.uasset" 512
"../../../../../../Users/r017429g/Documents/GitHub/Masquerade-MasterBuild/Masquerade_Prototype/Content/AnimStarterPack/Crouch_Idle_Rifle_Ironsights.uasset" 513
"../../../../../../Users/r017429g/Documents/GitHub/Masquerade-MasterBuild/Masquerade_Prototype/Content/AnimStarterPack/Crouch_Walk_Fwd_Rifle_Ironsights.uasset" 514
"../../../../../../Users/r017429g/Documents/GitHub/Masquerade-MasterBuild/Masquerade_Prototype/Content/AnimStarterPack/Equip_Pistol_Standing.uasset" 515
"../../../../../../Users/r017429g/Documents/GitHub/Masquerade-MasterBuild/Masquerade_Prototype/Content/AnimStarterPack/Fire_Rifle_Ironsights.uasset" 516
"../../../../../../Users/r017429g/Documents/GitHub/Masquerade-MasterBuild/Masquerade_Prototype/Content/AnimStarterPack/Hit_React_1.uasset" 517
"../../../../../../Users/r017429g/Documents/GitHub/Masquerade-MasterBuild/Masquerade_Prototype/Content/AnimStarterPack/Hit_React_2.uasset" 518
"../../../../../../Users/r017429g/Documents/GitHub/Masquerade-MasterBuild/Masquerade_Prototype/Content/AnimStarterPack/Hit_React_3.uasset" 519
"../../../../../../Users/r017429g/Documents/GitHub/Masquerade-MasterBuild/Masquerade_Prototype/Content/AnimStarterPack/Idle_Rifle_Hip_Break1.uasset" 520
"../../../../../../Users/r017429g/Documents/GitHub/Masquerade-MasterBuild/Masquerade_Prototype/Content/AnimStarterPack/Idle_Rifle_Hip_Break2.uasset" 521
"../../../../../../Users/r017429g/Documents/GitHub/Masquerade-MasterBuild/Masquerade_Prototype/Content/AnimStarterPack/Reload_Rifle_Hip.uasset" 522
"../../../../../../Users/r017429g/Documents/GitHub/Masquerade-MasterBuild/Masquerade_Prototype/Content/AnimStarterPack/Walk_Fwd_Rifle_Ironsights.uasset" 523
"../../../Engine/Content/EngineSky/C_Sky_Cloud_Color.uasset" 524
"../../../Engine/Content/EngineSky/C_Sky_Horizon_Color.uasset" 525
"../../../Engine/Content/EngineSky/C_Sky_Zenith_Color.uasset" 526
"../../../Engine/Content/EngineSky/T_Sky_Blue.uasset" 527
"../../../Engine/Content/EngineSky/T_Sky_Clouds_M.uasset" 528
"../../../Engine/Content/EngineSky/T_Sky_Stars.uasset" 529
"../../../Engine/Content/EngineSky/M_Sky_Panning_Clouds2.uasset" 530
"../../../Engine/Content/EngineSky/SM_SkySphere.uasset" 531
"../../../Engine/Content/EngineSky/BP_Sky_Sphere.uasset" 532
"../../../Engine/Content/TemplateResources/M_Template_Master.uasset" 533
"../../../Engine/Content/TemplateResources/MI_Template_BaseGray_03_Metal.uasset" 534
"../../../../../../Users/r017429g/Documents/GitHub/Masquerade-MasterBuild/Masquerade_Prototype/Content/AnimStarterPack/Showcase.umap" 535
"../../../../../../Users/r017429g/Documents/GitHub/Masquerade-MasterBuild/Masquerade_Prototype/Content/Masquerade_Proto/Maps/GameplayScenario01_BuiltData.uasset" 536
"../../../../../../Users/r017429g/Documents/GitHub/Masquerade-MasterBuild/Masquerade_Prototype/Content/StarterContent/Textures/T_Brick_Clay_Beveled_D.uasset" 537
"../../../../../../Users/r017429g/Documents/GitHub/Masquerade-MasterBuild/Masquerade_Prototype/Content/StarterContent/Textures/T_Brick_Clay_Beveled_M.uasset" 538
"../../../../../../Users/r017429g/Documents/GitHub/Masquerade-MasterBuild/Masquerade_Prototype/Content/StarterContent/Textures/T_Brick_Clay_Beveled_N.uasset" 539
"../../../../../../Users/r017429g/Documents/GitHub/Masquerade-MasterBuild/Masquerade_Prototype/Content/StarterContent/Materials/M_Brick_Clay_Beveled.uasset" 540
"../../../../../../Users/r017429g/Documents/GitHub/Masquerade-MasterBuild/Masquerade_Prototype/Content/StarterContent/Textures/T_Brick_Clay_New_D.uasset" 541
"../../../../../../Users/r017429g/Documents/GitHub/Masquerade-MasterBuild/Masquerade_Prototype/Content/StarterContent/Textures/T_Brick_Clay_New_M.uasset" 542
"../../../../../../Users/r017429g/Documents/GitHub/Masquerade-MasterBuild/Masquerade_Prototype/Content/StarterContent/Textures/T_Brick_Clay_New_N.uasset" 543
"../../../../../../Users/r017429g/Documents/GitHub/Masquerade-MasterBuild/Masquerade_Prototype/Content/StarterContent/Materials/M_Brick_Clay_New.uasset" 544
"../../../../../../Users/r017429g/Documents/GitHub/Masquerade-MasterBuild/Masquerade_Prototype/Content/StarterContent/Textures/T_Ceramic_Tile_M.uasset" 545
"../../../../../../Users/r017429g/Documents/GitHub/Masquerade-MasterBuild/Masquerade_Prototype/Content/StarterContent/Textures/T_Ceramic_Tile_N.uasset" 546
"../../../../../../Users/r017429g/Documents/GitHub/Masquerade-MasterBuild/Masquerade_Prototype/Content/StarterContent/Textures/T_Rock_Marble_Polished_D.uasset" 547
"../../../../../../Users/r017429g/Documents/GitHub/Masquerade-MasterBuild/Masquerade_Prototype/Content/StarterContent/Materials/M_Ceramic_Tile_Checker.uasset" 548
"../../../Engine/Content/EditorMeshes/ColorCalibrator/T_ColorGrid.uasset" 549
"../../../../../../Users/r017429g/Documents/GitHub/Masquerade-MasterBuild/Masquerade_Prototype/Content/StarterContent/Materials/M_ColorGrid_LowSpec.uasset" 550
"../../../../../../Users/r017429g/Documents/GitHub/Masquerade-MasterBuild/Masquerade_Prototype/Content/StarterContent/Textures/T_Concrete_Tiles_D.uasset" 551
"../../../../../../Users/r017429g/Documents/GitHub/Masquerade-MasterBuild/Masquerade_Prototype/Content/StarterContent/Textures/T_Concrete_Tiles_M.uasset" 552
"../../../../../../Users/r017429g/Documents/GitHub/Masquerade-MasterBuild/Masquerade_Prototype/Content/StarterContent/Textures/T_Concrete_Tiles_N.uasset" 553
"../../../../../../Users/r017429g/Documents/GitHub/Masquerade-MasterBuild/Masquerade_Prototype/Content/StarterContent/Textures/T_Concrete_Tiles_Variation_M.uasset" 554
"../../../../../../Users/r017429g/Documents/GitHub/Masquerade-MasterBuild/Masquerade_Prototype/Content/StarterContent/Materials/M_Concrete_Tiles.uasset" 555
"../../../../../../Users/r017429g/Documents/GitHub/Masquerade-MasterBuild/Masquerade_Prototype/Content/StarterContent/Textures/T_Ground_Grass_D.uasset" 556
"../../../../../../Users/r017429g/Documents/GitHub/Masquerade-MasterBuild/Masquerade_Prototype/Content/StarterContent/Textures/T_Ground_Grass_N.uasset" 557
"../../../../../../Users/r017429g/Documents/GitHub/Masquerade-MasterBuild/Masquerade_Prototype/Content/StarterContent/Materials/M_Ground_Grass.uasset" 558
"../../../../../../Users/r017429g/Documents/GitHub/Masquerade-MasterBuild/Masquerade_Prototype/Content/StarterContent/Materials/M_Rock_Marble_Polished.uasset" 559
"../../../../../../Users/r017429g/Documents/GitHub/Masquerade-MasterBuild/Masquerade_Prototype/Content/StarterContent/Materials/M_Water_Lake.uasset" 560
"../../../../../../Users/r017429g/Documents/GitHub/Masquerade-MasterBuild/Masquerade_Prototype/Content/ThirdPerson/Meshes/RampMaterial.uasset" 561
"../../../../../../Users/r017429g/Documents/GitHub/Masquerade-MasterBuild/Masquerade_Prototype/Content/ThirdPerson/Meshes/Linear_Stair_StaticMesh.uasset" 562
"../../../../../../Users/r017429g/Documents/GitHub/Masquerade-MasterBuild/Masquerade_Prototype/Content/Masquerade_Proto/Maps/GameplayScenario01.umap" 563
"../../../../../../Users/r017429g/Documents/GitHub/Masquerade-MasterBuild/Masquerade_Prototype/Content/Masquerade_Proto/Maps/MapBlockout_BuiltData.uasset" 564
"../../../../../../Users/r017429g/Documents/GitHub/Masquerade-MasterBuild/Masquerade_Prototype/Content/StarterContent/Textures/T_Concrete_Grime_D.uasset" 565
"../../../../../../Users/r017429g/Documents/GitHub/Masquerade-MasterBuild/Masquerade_Prototype/Content/StarterContent/Materials/M_Concrete_Grime.uasset" 566
"../../../../../../Users/r017429g/Documents/GitHub/Masquerade-MasterBuild/Masquerade_Prototype/Content/StarterContent/Textures/T_Metal_Steel_N.uasset" 567
"../../../../../../Users/r017429g/Documents/GitHub/Masquerade-MasterBuild/Masquerade_Prototype/Content/StarterContent/Materials/M_Metal_Steel.uasset" 568
"../../../../../../Users/r017429g/Documents/GitHub/Masquerade-MasterBuild/Masquerade_Prototype/Content/StarterContent/Textures/T_Rock_Basalt_N.uasset" 569
"../../../../../../Users/r017429g/Documents/GitHub/Masquerade-MasterBuild/Masquerade_Prototype/Content/StarterContent/Materials/M_Rock_Basalt.uasset" 570
"../../../../../../Users/r017429g/Documents/GitHub/Masquerade-MasterBuild/Masquerade_Prototype/Content/Masquerade_Proto/Maps/MapBlockout.umap" 571
"../../../../../../Users/r017429g/Documents/GitHub/Masquerade-MasterBuild/Masquerade_Prototype/Content/Masquerade_Proto/Maps/MapTest01.umap" 572
"../../../../../../Users/r017429g/Documents/GitHub/Masquerade-MasterBuild/Masquerade_Prototype/Content/Masquerade_Proto/SplineTest.uasset" 573
"../../../../../../Users/r017429g/Documents/GitHub/Masquerade-MasterBuild/Masquerade_Prototype/Content/Temp/Attack_AI.uasset" 574
"../../../../../../Users/r017429g/Documents/GitHub/Masquerade-MasterBuild/Masquerade_Prototype/Content/StarterContent/Textures/T_Metal_Gold_D.uasset" 575
"../../../../../../Users/r017429g/Documents/GitHub/Masquerade-MasterBuild/Masquerade_Prototype/Content/StarterContent/Materials/M_Metal_Gold.uasset" 576
"../../../../../../Users/r017429g/Documents/GitHub/Masquerade-MasterBuild/Masquerade_Prototype/Content/Masquerade_Proto/BluePrints/PickupTest.uasset" 577
"../../../Engine/Content/BasicShapes/Cone.uasset" 578
"../../../../../../Users/r017429g/Documents/GitHub/Masquerade-MasterBuild/Masquerade_Prototype/Content/Masquerade_Proto/BluePrints/SecurityGuard/Camera.uasset" 579
"../../../../../../Users/r017429g/Documents/GitHub/Masquerade-MasterBuild/Masquerade_Prototype/Content/Masquerade_Proto/NoiseTest.uasset" 580
"../../../../../../Users/r017429g/Documents/GitHub/Masquerade-MasterBuild/Masquerade_Prototype/Content/Pickups/Door_Temp.uasset" 581
"../../../../../../Users/r017429g/Documents/GitHub/Masquerade-MasterBuild/Masquerade_Prototype/Content/Masquerade_Proto/Maps/ShowcaseBuild_BuiltData.uasset" 582
"../../../../../../Users/r017429g/Documents/GitHub/Masquerade-MasterBuild/Masquerade_Prototype/Content/StarterContent/Materials/M_AssetPlatform.uasset" 583
"../../../../../../Users/r017429g/Documents/GitHub/Masquerade-MasterBuild/Masquerade_Prototype/Content/StarterContent/Textures/T_Concrete_Panels_D.uasset" 584
"../../../../../../Users/r017429g/Documents/GitHub/Masquerade-MasterBuild/Masquerade_Prototype/Content/StarterContent/Textures/T_Concrete_Panels_N.uasset" 585
"../../../../../../Users/r017429g/Documents/GitHub/Masquerade-MasterBuild/Masquerade_Prototype/Content/StarterContent/Materials/M_Concrete_Panels.uasset" 586
"../../../../../../Users/r017429g/Documents/GitHub/Masquerade-MasterBuild/Masquerade_Prototype/Content/StarterContent/Materials/M_Metal_Chrome.uasset" 587
"../../../Engine/Content/Functions/Engine_MaterialFunctions02/SplitComponents.uasset" 588
"../../../Engine/Content/Functions/Engine_MaterialFunctions02/Utility/VectorLength.uasset" 589
"../../../../../../Users/r017429g/Documents/GitHub/Masquerade-MasterBuild/Masquerade_Prototype/Content/Materials/MF_ConvolveTexture.uasset" 590
"../../../../../../Users/r017429g/Documents/GitHub/Masquerade-MasterBuild/Masquerade_Prototype/Content/Materials/MF_ExtractDepth.uasset" 591
"../../../../../../Users/r017429g/Documents/GitHub/Masquerade-MasterBuild/Masquerade_Prototype/Content/Materials/MF_SampleSceneTextureNeighbourUVs.uasset" 592
"../../../../../../Users/r017429g/Documents/GitHub/Masquerade-MasterBuild/Masquerade_Prototype/Content/Materials/PP_Outliner_M.uasset" 593
"../../../../../../Users/r017429g/Documents/GitHub/Masquerade-MasterBuild/Masquerade_Prototype/Content/Materials/PP_Outliner_Inst.uasset" 594
"../../../../../../Users/r017429g/Documents/GitHub/Masquerade-MasterBuild/Masquerade_Prototype/Content/Geometry/Meshes/TemplateFloor.uasset" 595
"../../../../../../Users/r017429g/Documents/GitHub/Masquerade-MasterBuild/Masquerade_Prototype/Content/Masquerade_Proto/UI/menu/Menu.uasset" 596
"../../../../../../Users/r017429g/Documents/GitHub/Masquerade-MasterBuild/Masquerade_Prototype/Content/ThirdPerson/Meshes/Bump_StaticMesh.uasset" 597
"../../../../../../Users/r017429g/Documents/GitHub/Masquerade-MasterBuild/Masquerade_Prototype/Content/ThirdPerson/Meshes/LeftArm_StaticMesh.uasset" 598
"../../../../../../Users/r017429g/Documents/GitHub/Masquerade-MasterBuild/Masquerade_Prototype/Content/ThirdPerson/Meshes/Ramp_StaticMesh.uasset" 599
"../../../../../../Users/r017429g/Documents/GitHub/Masquerade-MasterBuild/Masquerade_Prototype/Content/ThirdPerson/Meshes/RightArm_StaticMesh.uasset" 600
"../../../../../../Users/r017429g/Documents/GitHub/Masquerade-MasterBuild/Masquerade_Prototype/Content/Masquerade_Proto/Maps/ShowcaseBuild.umap" 601
"../../../../../../Users/r017429g/Documents/GitHub/Masquerade-MasterBuild/Masquerade_Prototype/Content/Masquerade_Proto/BluePrints/Security_Camera.uasset" 602
"../../../../../../Users/r017429g/Documents/GitHub/Masquerade-MasterBuild/Masquerade_Prototype/Content/Masquerade_Proto/BluePrints/DamageTest.uasset" 603
"../../../../../../Users/r017429g/Documents/GitHub/Masquerade-MasterBuild/Masquerade_Prototype/Content/Masquerade_Proto/Maps/ThirdPersonExampleMapKian_BuiltData.uasset" 604
"../../../../../../Users/r017429g/Documents/GitHub/Masquerade-MasterBuild/Masquerade_Prototype/Content/Masquerade_Proto/Maps/ThirdPersonExampleMapKian.umap" 605
"../../../../../../Users/r017429g/Documents/GitHub/Masquerade-MasterBuild/Masquerade_Prototype/Content/Masquerade_Proto/TempSection3/Section3_BuiltData.uasset" 606
"../../../../../../Users/r017429g/Documents/GitHub/Masquerade-MasterBuild/Masquerade_Prototype/Content/Masquerade_Proto/TempSection3/Section3.umap" 607
"../../../../../../Users/r017429g/Documents/GitHub/Masquerade-MasterBuild/Masquerade_Prototype/Content/Masquerade_Proto/BluePrints/AnotherCamera.uasset" 608
"../../../../../../Users/r017429g/Documents/GitHub/Masquerade-MasterBuild/Masquerade_Prototype/Content/Masquerade_Proto/TempTutorial/SlammingGate.uasset" 609
"../../../../../../Users/r017429g/Documents/GitHub/Masquerade-MasterBuild/Masquerade_Prototype/Content/Pickups/Small_Loot.uasset" 610
"../../../../../../Users/r017429g/Documents/GitHub/Masquerade-MasterBuild/Masquerade_Prototype/Content/Masquerade_Proto/TempTutorial/Tutorial_BuiltData.uasset" 611
"../../../../../../Users/r017429g/Documents/GitHub/Masquerade-MasterBuild/Masquerade_Prototype/Content/StarterContent/Textures/T_Brick_Cut_Stone_D.uasset" 612
"../../../../../../Users/r017429g/Documents/GitHub/Masquerade-MasterBuild/Masquerade_Prototype/Content/StarterContent/Textures/T_Brick_Cut_Stone_N.uasset" 613
"../../../../../../Users/r017429g/Documents/GitHub/Masquerade-MasterBuild/Masquerade_Prototype/Content/StarterContent/Materials/M_Brick_Cut_Stone.uasset" 614
"../../../../../../Users/r017429g/Documents/GitHub/Masquerade-MasterBuild/Masquerade_Prototype/Content/StarterContent/Materials/M_Wood_Floor_Walnut_Polished.uasset" 615
"../../../Engine/Content/BasicShapes/Plane.uasset" 616
"../../../../../../Users/r017429g/Documents/GitHub/Masquerade-MasterBuild/Masquerade_Prototype/Content/Masquerade_Proto/TempTutorial/Tutorial.umap" 617
"../../../../../../Users/r017429g/Documents/GitHub/Masquerade-MasterBuild/Masquerade_Prototype/Content/ThirdPersonBP/Maps/ThirdPersonExampleMap_BuiltData.uasset" 618
"../../../../../../Users/r017429g/Documents/GitHub/Masquerade-MasterBuild/Masquerade_Prototype/Content/ThirdPersonBP/Maps/ThirdPersonExampleMap.umap" 619
"../../../Engine/Content/Maps/Entry_BuiltData.uasset" 620
"../../../Engine/Content/Maps/Entry.umap" 621
